nohup: ignoring input
2026-01-14 00:14:20,230 - root - INFO - Using CUDA device: NVIDIA GeForce RTX 3060 Laptop GPU
2026-01-14 00:14:20,230 - root - INFO - Loading SigLIP model: google/siglip-so400m-patch14-384
Using a slow image processor as `use_fast` is unset and a slow processor was saved with this model. `use_fast=True` will be the default behavior in v4.52, even if the model was saved with a slow processor. This will result in minor differences in outputs. You'll still be able to use a slow processor with `use_fast=False`.
2026-01-14 00:14:24,987 - root - INFO - SigLIP model loaded on cuda
2026-01-14 00:14:24,987 - root - INFO - Loading BLIP captioning model: Salesforce/blip-image-captioning-base
2026-01-14 00:14:29,151 - root - INFO - BLIP captioning model loaded on cuda
2026-01-14 00:14:29,186 - root - INFO - Found 3200 image files in /home/shiv2077/dev/constraint-fused-fashion-retrieval/val_test2020/test
2026-01-14 00:14:29,186 - root - INFO - Processing images...

Indexing:   0%|          | 0/3200 [00:00<?, ?it/s]
Indexing:   0%|          | 1/3200 [00:00<36:09,  1.47it/s]
Indexing:   0%|          | 2/3200 [00:01<25:27,  2.09it/s]
Indexing:   0%|          | 3/3200 [00:01<22:00,  2.42it/s]
Indexing:   0%|          | 4/3200 [00:01<20:19,  2.62it/s]
Indexing:   0%|          | 5/3200 [00:02<19:23,  2.75it/s]
Indexing:   0%|          | 6/3200 [00:02<18:41,  2.85it/s]
Indexing:   0%|          | 7/3200 [00:02<18:35,  2.86it/s]
Indexing:   0%|          | 8/3200 [00:03<18:28,  2.88it/s]
Indexing:   0%|          | 9/3200 [00:03<18:19,  2.90it/s]
Indexing:   0%|          | 10/3200 [00:03<18:23,  2.89it/s]
Indexing:   0%|          | 11/3200 [00:04<18:33,  2.86it/s]
Indexing:   0%|          | 12/3200 [00:04<18:27,  2.88it/s]
Indexing:   0%|          | 13/3200 [00:04<17:50,  2.98it/s]
Indexing:   0%|          | 14/3200 [00:05<18:14,  2.91it/s]
Indexing:   0%|          | 15/3200 [00:05<18:15,  2.91it/s]
Indexing:   0%|          | 16/3200 [00:05<18:14,  2.91it/s]
Indexing:   1%|          | 17/3200 [00:06<18:11,  2.92it/s]
Indexing:   1%|          | 18/3200 [00:06<18:14,  2.91it/s]
Indexing:   1%|          | 19/3200 [00:06<18:27,  2.87it/s]
Indexing:   1%|          | 20/3200 [00:07<18:53,  2.81it/s]
Indexing:   1%|          | 21/3200 [00:07<19:01,  2.78it/s]
Indexing:   1%|          | 22/3200 [00:07<19:13,  2.75it/s]
Indexing:   1%|          | 23/3200 [00:08<19:02,  2.78it/s]
Indexing:   1%|          | 24/3200 [00:08<18:44,  2.83it/s]
Indexing:   1%|          | 25/3200 [00:08<18:49,  2.81it/s]
Indexing:   1%|          | 26/3200 [00:09<18:26,  2.87it/s]
Indexing:   1%|          | 27/3200 [00:09<18:17,  2.89it/s]
Indexing:   1%|          | 28/3200 [00:09<18:09,  2.91it/s]
Indexing:   1%|          | 29/3200 [00:10<17:35,  3.00it/s]
Indexing:   1%|          | 30/3200 [00:10<17:56,  2.94it/s]
Indexing:   1%|          | 31/3200 [00:11<18:22,  2.87it/s]
Indexing:   1%|          | 32/3200 [00:11<18:17,  2.89it/s]
Indexing:   1%|          | 33/3200 [00:11<18:24,  2.87it/s]
Indexing:   1%|          | 34/3200 [00:12<18:28,  2.86it/s]
Indexing:   1%|          | 35/3200 [00:12<18:52,  2.80it/s]
Indexing:   1%|          | 36/3200 [00:12<19:19,  2.73it/s]
Indexing:   1%|          | 37/3200 [00:13<18:41,  2.82it/s]
Indexing:   1%|          | 38/3200 [00:13<18:57,  2.78it/s]
Indexing:   1%|          | 39/3200 [00:13<18:26,  2.86it/s]
Indexing:   1%|▏         | 40/3200 [00:14<18:52,  2.79it/s]
Indexing:   1%|▏         | 41/3200 [00:14<18:34,  2.83it/s]
Indexing:   1%|▏         | 42/3200 [00:14<18:27,  2.85it/s]
Indexing:   1%|▏         | 43/3200 [00:15<18:14,  2.89it/s]
Indexing:   1%|▏         | 44/3200 [00:15<18:08,  2.90it/s]
Indexing:   1%|▏         | 45/3200 [00:15<18:29,  2.84it/s]
Indexing:   1%|▏         | 46/3200 [00:16<18:20,  2.87it/s]
Indexing:   1%|▏         | 47/3200 [00:16<18:11,  2.89it/s]
Indexing:   2%|▏         | 48/3200 [00:17<18:11,  2.89it/s]
Indexing:   2%|▏         | 49/3200 [00:17<17:58,  2.92it/s]
Indexing:   2%|▏         | 50/3200 [00:17<18:33,  2.83it/s]
Indexing:   2%|▏         | 51/3200 [00:18<19:07,  2.74it/s]
Indexing:   2%|▏         | 52/3200 [00:18<19:21,  2.71it/s]
Indexing:   2%|▏         | 53/3200 [00:18<18:58,  2.76it/s]
Indexing:   2%|▏         | 54/3200 [00:19<18:42,  2.80it/s]
Indexing:   2%|▏         | 55/3200 [00:19<18:31,  2.83it/s]
Indexing:   2%|▏         | 56/3200 [00:19<18:57,  2.76it/s]
Indexing:   2%|▏         | 57/3200 [00:20<18:33,  2.82it/s]
Indexing:   2%|▏         | 58/3200 [00:20<18:52,  2.78it/s]
Indexing:   2%|▏         | 59/3200 [00:21<19:24,  2.70it/s]
Indexing:   2%|▏         | 60/3200 [00:21<19:03,  2.75it/s]
Indexing:   2%|▏         | 61/3200 [00:21<18:14,  2.87it/s]
Indexing:   2%|▏         | 62/3200 [00:22<18:42,  2.80it/s]
Indexing:   2%|▏         | 63/3200 [00:22<18:28,  2.83it/s]
Indexing:   2%|▏         | 64/3200 [00:22<18:16,  2.86it/s]
Indexing:   2%|▏         | 65/3200 [00:23<18:22,  2.84it/s]
Indexing:   2%|▏         | 66/3200 [00:23<18:15,  2.86it/s]
Indexing:   2%|▏         | 67/3200 [00:23<18:08,  2.88it/s]
Indexing:   2%|▏         | 68/3200 [00:24<18:18,  2.85it/s]
Indexing:   2%|▏         | 69/3200 [00:24<18:01,  2.90it/s]
Indexing:   2%|▏         | 70/3200 [00:24<18:20,  2.84it/s]
Indexing:   2%|▏         | 71/3200 [00:25<18:13,  2.86it/s]
Indexing:   2%|▏         | 72/3200 [00:25<18:10,  2.87it/s]
Indexing:   2%|▏         | 73/3200 [00:25<18:08,  2.87it/s]
Indexing:   2%|▏         | 74/3200 [00:26<19:04,  2.73it/s]
Indexing:   2%|▏         | 75/3200 [00:26<24:08,  2.16it/s]
Indexing:   2%|▏         | 76/3200 [00:27<25:35,  2.03it/s]
Indexing:   2%|▏         | 77/3200 [00:28<28:03,  1.85it/s]
Indexing:   2%|▏         | 78/3200 [00:28<28:51,  1.80it/s]
Indexing:   2%|▏         | 79/3200 [00:29<30:10,  1.72it/s]
Indexing:   2%|▎         | 80/3200 [00:30<30:37,  1.70it/s]
Indexing:   3%|▎         | 81/3200 [00:30<31:34,  1.65it/s]
Indexing:   3%|▎         | 82/3200 [00:31<31:36,  1.64it/s]
Indexing:   3%|▎         | 83/3200 [00:31<31:51,  1.63it/s]
Indexing:   3%|▎         | 84/3200 [00:32<32:05,  1.62it/s]
Indexing:   3%|▎         | 85/3200 [00:33<32:24,  1.60it/s]
Indexing:   3%|▎         | 86/3200 [00:33<32:17,  1.61it/s]
Indexing:   3%|▎         | 87/3200 [00:34<32:11,  1.61it/s]
Indexing:   3%|▎         | 88/3200 [00:35<32:10,  1.61it/s]
Indexing:   3%|▎         | 89/3200 [00:35<31:51,  1.63it/s]
Indexing:   3%|▎         | 90/3200 [00:36<31:48,  1.63it/s]
Indexing:   3%|▎         | 91/3200 [00:36<31:45,  1.63it/s]
Indexing:   3%|▎         | 92/3200 [00:37<31:52,  1.63it/s]
Indexing:   3%|▎         | 93/3200 [00:38<31:16,  1.66it/s]
Indexing:   3%|▎         | 94/3200 [00:38<31:37,  1.64it/s]
Indexing:   3%|▎         | 95/3200 [00:39<31:39,  1.63it/s]
Indexing:   3%|▎         | 96/3200 [00:39<31:48,  1.63it/s]
Indexing:   3%|▎         | 97/3200 [00:40<31:41,  1.63it/s]
Indexing:   3%|▎         | 98/3200 [00:41<32:21,  1.60it/s]
Indexing:   3%|▎         | 99/3200 [00:41<32:15,  1.60it/s]
Indexing:   3%|▎         | 100/3200 [00:42<32:20,  1.60it/s]
Indexing:   3%|▎         | 101/3200 [00:43<32:06,  1.61it/s]
Indexing:   3%|▎         | 102/3200 [00:43<32:31,  1.59it/s]
Indexing:   3%|▎         | 103/3200 [00:44<32:16,  1.60it/s]
Indexing:   3%|▎         | 104/3200 [00:44<32:21,  1.59it/s]
Indexing:   3%|▎         | 105/3200 [00:45<32:13,  1.60it/s]
Indexing:   3%|▎         | 106/3200 [00:46<32:08,  1.60it/s]
Indexing:   3%|▎         | 107/3200 [00:46<32:17,  1.60it/s]
Indexing:   3%|▎         | 108/3200 [00:47<32:22,  1.59it/s]
Indexing:   3%|▎         | 109/3200 [00:48<32:08,  1.60it/s]
Indexing:   3%|▎         | 110/3200 [00:48<31:39,  1.63it/s]
Indexing:   3%|▎         | 111/3200 [00:49<31:44,  1.62it/s]
Indexing:   4%|▎         | 112/3200 [00:49<31:55,  1.61it/s]
Indexing:   4%|▎         | 113/3200 [00:50<31:57,  1.61it/s]
Indexing:   4%|▎         | 114/3200 [00:51<31:51,  1.61it/s]
Indexing:   4%|▎         | 115/3200 [00:51<32:01,  1.61it/s]
Indexing:   4%|▎         | 116/3200 [00:52<32:00,  1.61it/s]
Indexing:   4%|▎         | 117/3200 [00:53<31:57,  1.61it/s]
Indexing:   4%|▎         | 118/3200 [00:53<32:07,  1.60it/s]
Indexing:   4%|▎         | 119/3200 [00:54<31:57,  1.61it/s]
Indexing:   4%|▍         | 120/3200 [00:54<31:47,  1.61it/s]
Indexing:   4%|▍         | 121/3200 [00:55<32:26,  1.58it/s]
Indexing:   4%|▍         | 122/3200 [00:56<32:27,  1.58it/s]
Indexing:   4%|▍         | 123/3200 [00:56<32:18,  1.59it/s]
Indexing:   4%|▍         | 124/3200 [00:57<32:09,  1.59it/s]
Indexing:   4%|▍         | 125/3200 [00:58<32:00,  1.60it/s]
Indexing:   4%|▍         | 126/3200 [00:58<31:56,  1.60it/s]
Indexing:   4%|▍         | 127/3200 [00:59<31:17,  1.64it/s]
Indexing:   4%|▍         | 128/3200 [00:59<31:41,  1.62it/s]
Indexing:   4%|▍         | 129/3200 [01:00<32:02,  1.60it/s]
Indexing:   4%|▍         | 130/3200 [01:01<37:46,  1.35it/s]
Indexing:   4%|▍         | 131/3200 [01:02<35:44,  1.43it/s]
Indexing:   4%|▍         | 132/3200 [01:02<34:46,  1.47it/s]
Indexing:   4%|▍         | 133/3200 [01:03<33:49,  1.51it/s]
Indexing:   4%|▍         | 134/3200 [01:04<33:43,  1.52it/s]
Indexing:   4%|▍         | 135/3200 [01:04<32:50,  1.56it/s]
Indexing:   4%|▍         | 136/3200 [01:05<32:57,  1.55it/s]
Indexing:   4%|▍         | 137/3200 [01:05<32:25,  1.57it/s]
Indexing:   4%|▍         | 138/3200 [01:06<32:14,  1.58it/s]
Indexing:   4%|▍         | 139/3200 [01:07<31:58,  1.60it/s]
Indexing:   4%|▍         | 140/3200 [01:07<31:49,  1.60it/s]
Indexing:   4%|▍         | 141/3200 [01:08<31:36,  1.61it/s]
Indexing:   4%|▍         | 142/3200 [01:08<31:11,  1.63it/s]
Indexing:   4%|▍         | 143/3200 [01:09<31:10,  1.63it/s]
Indexing:   4%|▍         | 144/3200 [01:10<31:37,  1.61it/s]
Indexing:   5%|▍         | 145/3200 [01:10<31:31,  1.62it/s]
Indexing:   5%|▍         | 146/3200 [01:11<32:27,  1.57it/s]
Indexing:   5%|▍         | 147/3200 [01:12<31:55,  1.59it/s]
Indexing:   5%|▍         | 148/3200 [01:12<32:53,  1.55it/s]
Indexing:   5%|▍         | 149/3200 [01:13<33:02,  1.54it/s]
Indexing:   5%|▍         | 150/3200 [01:14<32:33,  1.56it/s]
Indexing:   5%|▍         | 151/3200 [01:14<32:03,  1.59it/s]
Indexing:   5%|▍         | 152/3200 [01:15<31:45,  1.60it/s]
Indexing:   5%|▍         | 153/3200 [01:15<31:42,  1.60it/s]
Indexing:   5%|▍         | 154/3200 [01:16<31:42,  1.60it/s]
Indexing:   5%|▍         | 155/3200 [01:17<32:04,  1.58it/s]
Indexing:   5%|▍         | 156/3200 [01:17<31:50,  1.59it/s]
Indexing:   5%|▍         | 157/3200 [01:18<31:48,  1.59it/s]
Indexing:   5%|▍         | 158/3200 [01:19<31:50,  1.59it/s]
Indexing:   5%|▍         | 159/3200 [01:19<32:40,  1.55it/s]
Indexing:   5%|▌         | 160/3200 [01:20<32:03,  1.58it/s]
Indexing:   5%|▌         | 161/3200 [01:20<31:52,  1.59it/s]
Indexing:   5%|▌         | 162/3200 [01:21<31:42,  1.60it/s]
Indexing:   5%|▌         | 163/3200 [01:22<31:42,  1.60it/s]
Indexing:   5%|▌         | 164/3200 [01:22<31:11,  1.62it/s]
Indexing:   5%|▌         | 165/3200 [01:23<31:42,  1.60it/s]
Indexing:   5%|▌         | 166/3200 [01:24<31:35,  1.60it/s]
Indexing:   5%|▌         | 167/3200 [01:24<31:48,  1.59it/s]
Indexing:   5%|▌         | 168/3200 [01:25<32:07,  1.57it/s]
Indexing:   5%|▌         | 169/3200 [01:26<32:23,  1.56it/s]
Indexing:   5%|▌         | 170/3200 [01:26<31:55,  1.58it/s]
Indexing:   5%|▌         | 171/3200 [01:27<37:44,  1.34it/s]
Indexing:   5%|▌         | 172/3200 [01:28<36:12,  1.39it/s]
Indexing:   5%|▌         | 173/3200 [01:28<35:19,  1.43it/s]
Indexing:   5%|▌         | 174/3200 [01:29<35:16,  1.43it/s]
Indexing:   5%|▌         | 175/3200 [01:30<33:53,  1.49it/s]
Indexing:   6%|▌         | 176/3200 [01:30<33:18,  1.51it/s]
Indexing:   6%|▌         | 177/3200 [01:31<32:32,  1.55it/s]
Indexing:   6%|▌         | 178/3200 [01:32<32:17,  1.56it/s]
Indexing:   6%|▌         | 179/3200 [01:32<32:16,  1.56it/s]
Indexing:   6%|▌         | 180/3200 [01:33<31:56,  1.58it/s]
Indexing:   6%|▌         | 181/3200 [01:34<31:48,  1.58it/s]
Indexing:   6%|▌         | 182/3200 [01:34<31:57,  1.57it/s]
Indexing:   6%|▌         | 183/3200 [01:35<31:52,  1.58it/s]
Indexing:   6%|▌         | 184/3200 [01:35<31:49,  1.58it/s]
Indexing:   6%|▌         | 185/3200 [01:36<32:21,  1.55it/s]
Indexing:   6%|▌         | 186/3200 [01:37<32:29,  1.55it/s]
Indexing:   6%|▌         | 187/3200 [01:37<32:29,  1.55it/s]
Indexing:   6%|▌         | 188/3200 [01:38<32:18,  1.55it/s]
Indexing:   6%|▌         | 189/3200 [01:39<32:19,  1.55it/s]
Indexing:   6%|▌         | 190/3200 [01:39<32:32,  1.54it/s]
Indexing:   6%|▌         | 191/3200 [01:40<32:36,  1.54it/s]
Indexing:   6%|▌         | 192/3200 [01:41<32:02,  1.56it/s]
Indexing:   6%|▌         | 193/3200 [01:41<32:10,  1.56it/s]
Indexing:   6%|▌         | 194/3200 [01:42<31:57,  1.57it/s]
Indexing:   6%|▌         | 195/3200 [01:43<32:12,  1.56it/s]
Indexing:   6%|▌         | 196/3200 [01:43<31:55,  1.57it/s]
Indexing:   6%|▌         | 197/3200 [01:44<31:44,  1.58it/s]
Indexing:   6%|▌         | 198/3200 [01:44<32:06,  1.56it/s]
Indexing:   6%|▌         | 199/3200 [01:45<31:45,  1.57it/s]
Indexing:   6%|▋         | 200/3200 [01:46<31:41,  1.58it/s]
Indexing:   6%|▋         | 201/3200 [01:46<31:27,  1.59it/s]
Indexing:   6%|▋         | 202/3200 [01:47<31:19,  1.60it/s]
Indexing:   6%|▋         | 203/3200 [01:48<31:21,  1.59it/s]
Indexing:   6%|▋         | 204/3200 [01:48<31:36,  1.58it/s]
Indexing:   6%|▋         | 205/3200 [01:49<31:34,  1.58it/s]
Indexing:   6%|▋         | 206/3200 [01:50<31:42,  1.57it/s]
Indexing:   6%|▋         | 207/3200 [01:50<31:25,  1.59it/s]
Indexing:   6%|▋         | 208/3200 [01:51<31:28,  1.58it/s]
Indexing:   7%|▋         | 209/3200 [01:51<31:45,  1.57it/s]
Indexing:   7%|▋         | 210/3200 [01:52<31:22,  1.59it/s]
Indexing:   7%|▋         | 211/3200 [01:53<32:32,  1.53it/s]
Indexing:   7%|▋         | 212/3200 [01:53<32:36,  1.53it/s]
Indexing:   7%|▋         | 213/3200 [01:54<32:29,  1.53it/s]
Indexing:   7%|▋         | 214/3200 [01:55<32:46,  1.52it/s]
Indexing:   7%|▋         | 215/3200 [01:55<32:18,  1.54it/s]
Indexing:   7%|▋         | 216/3200 [01:56<32:05,  1.55it/s]
Indexing:   7%|▋         | 217/3200 [01:57<32:10,  1.55it/s]
Indexing:   7%|▋         | 218/3200 [01:57<31:57,  1.56it/s]
Indexing:   7%|▋         | 219/3200 [01:58<31:46,  1.56it/s]
Indexing:   7%|▋         | 220/3200 [01:59<31:53,  1.56it/s]
Indexing:   7%|▋         | 221/3200 [01:59<31:39,  1.57it/s]
Indexing:   7%|▋         | 222/3200 [02:00<31:32,  1.57it/s]
Indexing:   7%|▋         | 223/3200 [02:00<31:55,  1.55it/s]
Indexing:   7%|▋         | 224/3200 [02:01<31:39,  1.57it/s]
Indexing:   7%|▋         | 225/3200 [02:02<32:01,  1.55it/s]
Indexing:   7%|▋         | 226/3200 [02:02<31:45,  1.56it/s]
Indexing:   7%|▋         | 227/3200 [02:03<31:42,  1.56it/s]
Indexing:   7%|▋         | 228/3200 [02:04<31:47,  1.56it/s]
Indexing:   7%|▋         | 229/3200 [02:04<31:32,  1.57it/s]
Indexing:   7%|▋         | 230/3200 [02:05<31:48,  1.56it/s]
Indexing:   7%|▋         | 231/3200 [02:06<31:39,  1.56it/s]
Indexing:   7%|▋         | 232/3200 [02:06<31:44,  1.56it/s]
Indexing:   7%|▋         | 233/3200 [02:07<31:39,  1.56it/s]
Indexing:   7%|▋         | 234/3200 [02:07<31:28,  1.57it/s]
Indexing:   7%|▋         | 235/3200 [02:08<31:27,  1.57it/s]
Indexing:   7%|▋         | 236/3200 [02:09<31:26,  1.57it/s]
Indexing:   7%|▋         | 237/3200 [02:09<31:26,  1.57it/s]
Indexing:   7%|▋         | 238/3200 [02:10<31:26,  1.57it/s]
Indexing:   7%|▋         | 239/3200 [02:11<31:29,  1.57it/s]
Indexing:   8%|▊         | 240/3200 [02:11<31:20,  1.57it/s]
Indexing:   8%|▊         | 241/3200 [02:12<31:17,  1.58it/s]
Indexing:   8%|▊         | 242/3200 [02:13<30:48,  1.60it/s]
Indexing:   8%|▊         | 243/3200 [02:13<30:55,  1.59it/s]
Indexing:   8%|▊         | 244/3200 [02:14<31:17,  1.57it/s]
Indexing:   8%|▊         | 245/3200 [02:14<31:21,  1.57it/s]
Indexing:   8%|▊         | 246/3200 [02:15<31:12,  1.58it/s]
Indexing:   8%|▊         | 247/3200 [02:16<31:24,  1.57it/s]
Indexing:   8%|▊         | 248/3200 [02:16<31:12,  1.58it/s]
Indexing:   8%|▊         | 249/3200 [02:17<31:14,  1.57it/s]
Indexing:   8%|▊         | 250/3200 [02:18<31:34,  1.56it/s]
Indexing:   8%|▊         | 251/3200 [02:18<31:33,  1.56it/s]
Indexing:   8%|▊         | 252/3200 [02:19<31:18,  1.57it/s]
Indexing:   8%|▊         | 253/3200 [02:20<31:33,  1.56it/s]
Indexing:   8%|▊         | 254/3200 [02:20<31:03,  1.58it/s]
Indexing:   8%|▊         | 255/3200 [02:21<31:20,  1.57it/s]
Indexing:   8%|▊         | 256/3200 [02:21<30:49,  1.59it/s]
Indexing:   8%|▊         | 257/3200 [02:22<30:42,  1.60it/s]
Indexing:   8%|▊         | 258/3200 [02:23<30:56,  1.58it/s]
Indexing:   8%|▊         | 259/3200 [02:23<30:49,  1.59it/s]
Indexing:   8%|▊         | 260/3200 [02:24<31:12,  1.57it/s]
Indexing:   8%|▊         | 261/3200 [02:25<31:22,  1.56it/s]
Indexing:   8%|▊         | 262/3200 [02:25<31:14,  1.57it/s]
Indexing:   8%|▊         | 263/3200 [02:26<31:12,  1.57it/s]
Indexing:   8%|▊         | 264/3200 [02:27<31:06,  1.57it/s]
Indexing:   8%|▊         | 265/3200 [02:27<31:17,  1.56it/s]
Indexing:   8%|▊         | 266/3200 [02:28<31:18,  1.56it/s]
Indexing:   8%|▊         | 267/3200 [02:28<31:20,  1.56it/s]
Indexing:   8%|▊         | 268/3200 [02:29<31:21,  1.56it/s]
Indexing:   8%|▊         | 269/3200 [02:30<31:09,  1.57it/s]
Indexing:   8%|▊         | 270/3200 [02:30<31:14,  1.56it/s]
Indexing:   8%|▊         | 271/3200 [02:31<31:01,  1.57it/s]
Indexing:   8%|▊         | 272/3200 [02:32<31:06,  1.57it/s]
Indexing:   9%|▊         | 273/3200 [02:32<31:02,  1.57it/s]
Indexing:   9%|▊         | 274/3200 [02:33<31:31,  1.55it/s]
Indexing:   9%|▊         | 275/3200 [02:34<31:34,  1.54it/s]
Indexing:   9%|▊         | 276/3200 [02:34<31:40,  1.54it/s]
Indexing:   9%|▊         | 277/3200 [02:35<31:26,  1.55it/s]
Indexing:   9%|▊         | 278/3200 [02:36<31:23,  1.55it/s]
Indexing:   9%|▊         | 279/3200 [02:36<31:36,  1.54it/s]
Indexing:   9%|▉         | 280/3200 [02:37<31:28,  1.55it/s]
Indexing:   9%|▉         | 281/3200 [02:37<31:21,  1.55it/s]
Indexing:   9%|▉         | 282/3200 [02:38<31:28,  1.55it/s]
Indexing:   9%|▉         | 283/3200 [02:39<31:14,  1.56it/s]
Indexing:   9%|▉         | 284/3200 [02:39<31:20,  1.55it/s]
Indexing:   9%|▉         | 285/3200 [02:40<31:07,  1.56it/s]
Indexing:   9%|▉         | 286/3200 [02:41<31:12,  1.56it/s]
Indexing:   9%|▉         | 287/3200 [02:41<31:11,  1.56it/s]
Indexing:   9%|▉         | 288/3200 [02:42<31:05,  1.56it/s]
Indexing:   9%|▉         | 289/3200 [02:43<31:28,  1.54it/s]
Indexing:   9%|▉         | 290/3200 [02:43<31:48,  1.52it/s]
Indexing:   9%|▉         | 291/3200 [02:44<31:31,  1.54it/s]
Indexing:   9%|▉         | 292/3200 [02:45<31:46,  1.53it/s]
Indexing:   9%|▉         | 293/3200 [02:45<31:38,  1.53it/s]
Indexing:   9%|▉         | 294/3200 [02:46<31:14,  1.55it/s]
Indexing:   9%|▉         | 295/3200 [02:47<31:16,  1.55it/s]
Indexing:   9%|▉         | 296/3200 [02:47<31:14,  1.55it/s]
Indexing:   9%|▉         | 297/3200 [02:48<32:43,  1.48it/s]
Indexing:   9%|▉         | 298/3200 [02:49<32:42,  1.48it/s]
Indexing:   9%|▉         | 299/3200 [02:49<32:53,  1.47it/s]
Indexing:   9%|▉         | 300/3200 [02:50<32:04,  1.51it/s]
Indexing:   9%|▉         | 301/3200 [02:51<31:36,  1.53it/s]
Indexing:   9%|▉         | 302/3200 [02:51<31:38,  1.53it/s]
Indexing:   9%|▉         | 303/3200 [02:52<31:54,  1.51it/s]
Indexing:  10%|▉         | 304/3200 [02:53<31:22,  1.54it/s]
Indexing:  10%|▉         | 305/3200 [02:53<31:27,  1.53it/s]
Indexing:  10%|▉         | 306/3200 [02:54<31:18,  1.54it/s]
Indexing:  10%|▉         | 307/3200 [02:54<31:16,  1.54it/s]
Indexing:  10%|▉         | 308/3200 [02:55<31:16,  1.54it/s]
Indexing:  10%|▉         | 309/3200 [02:56<31:09,  1.55it/s]
Indexing:  10%|▉         | 310/3200 [02:56<31:07,  1.55it/s]
Indexing:  10%|▉         | 311/3200 [02:57<31:07,  1.55it/s]
Indexing:  10%|▉         | 312/3200 [02:58<31:01,  1.55it/s]
Indexing:  10%|▉         | 313/3200 [02:58<31:00,  1.55it/s]
Indexing:  10%|▉         | 314/3200 [02:59<31:10,  1.54it/s]
Indexing:  10%|▉         | 315/3200 [03:00<31:15,  1.54it/s]
Indexing:  10%|▉         | 316/3200 [03:00<31:51,  1.51it/s]
Indexing:  10%|▉         | 317/3200 [03:01<31:48,  1.51it/s]
Indexing:  10%|▉         | 318/3200 [03:02<31:38,  1.52it/s]
Indexing:  10%|▉         | 319/3200 [03:02<32:04,  1.50it/s]
Indexing:  10%|█         | 320/3200 [03:03<31:50,  1.51it/s]
Indexing:  10%|█         | 321/3200 [03:04<31:37,  1.52it/s]
Indexing:  10%|█         | 322/3200 [03:04<31:57,  1.50it/s]
Indexing:  10%|█         | 323/3200 [03:05<31:15,  1.53it/s]
Indexing:  10%|█         | 324/3200 [03:06<31:31,  1.52it/s]
Indexing:  10%|█         | 325/3200 [03:06<31:22,  1.53it/s]
Indexing:  10%|█         | 326/3200 [03:07<31:23,  1.53it/s]
Indexing:  10%|█         | 327/3200 [03:08<31:20,  1.53it/s]
Indexing:  10%|█         | 328/3200 [03:08<32:16,  1.48it/s]
Indexing:  10%|█         | 329/3200 [03:09<31:48,  1.50it/s]
Indexing:  10%|█         | 330/3200 [03:10<31:30,  1.52it/s]
Indexing:  10%|█         | 331/3200 [03:10<31:45,  1.51it/s]
Indexing:  10%|█         | 332/3200 [03:11<31:31,  1.52it/s]
Indexing:  10%|█         | 333/3200 [03:12<31:26,  1.52it/s]
Indexing:  10%|█         | 334/3200 [03:12<32:23,  1.48it/s]
Indexing:  10%|█         | 335/3200 [03:13<31:37,  1.51it/s]
Indexing:  10%|█         | 336/3200 [03:14<31:38,  1.51it/s]
Indexing:  11%|█         | 337/3200 [03:14<31:29,  1.52it/s]
Indexing:  11%|█         | 338/3200 [03:15<31:30,  1.51it/s]
Indexing:  11%|█         | 339/3200 [03:16<31:47,  1.50it/s]
Indexing:  11%|█         | 340/3200 [03:16<31:45,  1.50it/s]
Indexing:  11%|█         | 341/3200 [03:17<31:27,  1.51it/s]
Indexing:  11%|█         | 342/3200 [03:18<31:36,  1.51it/s]
Indexing:  11%|█         | 343/3200 [03:18<31:16,  1.52it/s]
Indexing:  11%|█         | 344/3200 [03:19<31:36,  1.51it/s]
Indexing:  11%|█         | 345/3200 [03:20<31:15,  1.52it/s]
Indexing:  11%|█         | 346/3200 [03:20<31:01,  1.53it/s]
Indexing:  11%|█         | 347/3200 [03:21<31:08,  1.53it/s]
Indexing:  11%|█         | 348/3200 [03:21<30:46,  1.54it/s]
Indexing:  11%|█         | 349/3200 [03:22<30:48,  1.54it/s]
Indexing:  11%|█         | 350/3200 [03:23<30:47,  1.54it/s]
Indexing:  11%|█         | 351/3200 [03:23<30:50,  1.54it/s]
Indexing:  11%|█         | 352/3200 [03:24<30:59,  1.53it/s]
Indexing:  11%|█         | 353/3200 [03:25<30:42,  1.55it/s]
Indexing:  11%|█         | 354/3200 [03:25<31:11,  1.52it/s]
Indexing:  11%|█         | 355/3200 [03:26<30:59,  1.53it/s]
Indexing:  11%|█         | 356/3200 [03:27<30:55,  1.53it/s]
Indexing:  11%|█         | 357/3200 [03:27<30:48,  1.54it/s]
Indexing:  11%|█         | 358/3200 [03:28<30:48,  1.54it/s]
Indexing:  11%|█         | 359/3200 [03:29<30:46,  1.54it/s]
Indexing:  11%|█▏        | 360/3200 [03:29<30:40,  1.54it/s]
Indexing:  11%|█▏        | 361/3200 [03:30<30:37,  1.55it/s]
Indexing:  11%|█▏        | 362/3200 [03:31<30:10,  1.57it/s]
Indexing:  11%|█▏        | 363/3200 [03:31<29:48,  1.59it/s]
Indexing:  11%|█▏        | 364/3200 [03:32<30:20,  1.56it/s]
Indexing:  11%|█▏        | 365/3200 [03:32<30:09,  1.57it/s]
Indexing:  11%|█▏        | 366/3200 [03:33<30:26,  1.55it/s]
Indexing:  11%|█▏        | 367/3200 [03:34<30:40,  1.54it/s]
Indexing:  12%|█▏        | 368/3200 [03:34<31:06,  1.52it/s]
Indexing:  12%|█▏        | 369/3200 [03:35<31:21,  1.50it/s]
Indexing:  12%|█▏        | 370/3200 [03:36<31:15,  1.51it/s]
Indexing:  12%|█▏        | 371/3200 [03:36<31:07,  1.51it/s]
Indexing:  12%|█▏        | 372/3200 [03:37<30:37,  1.54it/s]
Indexing:  12%|█▏        | 373/3200 [03:38<30:41,  1.53it/s]
Indexing:  12%|█▏        | 374/3200 [03:38<30:40,  1.54it/s]
Indexing:  12%|█▏        | 375/3200 [03:39<30:40,  1.54it/s]
Indexing:  12%|█▏        | 376/3200 [03:40<30:48,  1.53it/s]
Indexing:  12%|█▏        | 377/3200 [03:40<31:38,  1.49it/s]
Indexing:  12%|█▏        | 378/3200 [03:41<31:41,  1.48it/s]
Indexing:  12%|█▏        | 379/3200 [03:42<31:54,  1.47it/s]
Indexing:  12%|█▏        | 380/3200 [03:42<31:31,  1.49it/s]
Indexing:  12%|█▏        | 381/3200 [03:43<31:05,  1.51it/s]
Indexing:  12%|█▏        | 382/3200 [03:44<30:51,  1.52it/s]
Indexing:  12%|█▏        | 383/3200 [03:44<30:44,  1.53it/s]
Indexing:  12%|█▏        | 384/3200 [03:45<30:36,  1.53it/s]
Indexing:  12%|█▏        | 385/3200 [03:46<30:55,  1.52it/s]
Indexing:  12%|█▏        | 386/3200 [03:46<30:43,  1.53it/s]
Indexing:  12%|█▏        | 387/3200 [03:47<30:44,  1.53it/s]
Indexing:  12%|█▏        | 388/3200 [03:48<30:53,  1.52it/s]
Indexing:  12%|█▏        | 389/3200 [03:48<30:57,  1.51it/s]
Indexing:  12%|█▏        | 390/3200 [03:49<30:52,  1.52it/s]
Indexing:  12%|█▏        | 391/3200 [03:50<30:42,  1.52it/s]
Indexing:  12%|█▏        | 392/3200 [03:50<30:55,  1.51it/s]
Indexing:  12%|█▏        | 393/3200 [03:51<30:48,  1.52it/s]
Indexing:  12%|█▏        | 394/3200 [03:52<30:25,  1.54it/s]
Indexing:  12%|█▏        | 395/3200 [03:52<30:28,  1.53it/s]
Indexing:  12%|█▏        | 396/3200 [03:53<30:08,  1.55it/s]
Indexing:  12%|█▏        | 397/3200 [03:53<30:12,  1.55it/s]
Indexing:  12%|█▏        | 398/3200 [03:54<29:48,  1.57it/s]
Indexing:  12%|█▏        | 399/3200 [03:55<29:56,  1.56it/s]
Indexing:  12%|█▎        | 400/3200 [03:55<30:06,  1.55it/s]
Indexing:  13%|█▎        | 401/3200 [03:56<29:58,  1.56it/s]
Indexing:  13%|█▎        | 402/3200 [03:57<30:12,  1.54it/s]
Indexing:  13%|█▎        | 403/3200 [03:57<30:13,  1.54it/s]
Indexing:  13%|█▎        | 404/3200 [03:58<30:21,  1.53it/s]
Indexing:  13%|█▎        | 405/3200 [03:59<30:24,  1.53it/s]
Indexing:  13%|█▎        | 406/3200 [03:59<30:08,  1.55it/s]
Indexing:  13%|█▎        | 407/3200 [04:00<30:21,  1.53it/s]
Indexing:  13%|█▎        | 408/3200 [04:01<30:37,  1.52it/s]
Indexing:  13%|█▎        | 409/3200 [04:01<30:41,  1.52it/s]
Indexing:  13%|█▎        | 410/3200 [04:02<30:06,  1.54it/s]
Indexing:  13%|█▎        | 411/3200 [04:03<30:07,  1.54it/s]
Indexing:  13%|█▎        | 412/3200 [04:03<30:38,  1.52it/s]
Indexing:  13%|█▎        | 413/3200 [04:04<30:18,  1.53it/s]
Indexing:  13%|█▎        | 414/3200 [04:05<30:26,  1.53it/s]
Indexing:  13%|█▎        | 415/3200 [04:05<30:37,  1.52it/s]
Indexing:  13%|█▎        | 416/3200 [04:06<30:16,  1.53it/s]
Indexing:  13%|█▎        | 417/3200 [04:07<30:16,  1.53it/s]
Indexing:  13%|█▎        | 418/3200 [04:07<30:17,  1.53it/s]
Indexing:  13%|█▎        | 419/3200 [04:08<30:27,  1.52it/s]
Indexing:  13%|█▎        | 420/3200 [04:08<30:10,  1.54it/s]
Indexing:  13%|█▎        | 421/3200 [04:09<30:10,  1.54it/s]
Indexing:  13%|█▎        | 422/3200 [04:10<29:53,  1.55it/s]
Indexing:  13%|█▎        | 423/3200 [04:10<30:28,  1.52it/s]
Indexing:  13%|█▎        | 424/3200 [04:11<30:12,  1.53it/s]
Indexing:  13%|█▎        | 425/3200 [04:12<30:16,  1.53it/s]
Indexing:  13%|█▎        | 426/3200 [04:12<30:11,  1.53it/s]
Indexing:  13%|█▎        | 427/3200 [04:13<30:06,  1.53it/s]
Indexing:  13%|█▎        | 428/3200 [04:14<30:05,  1.54it/s]
Indexing:  13%|█▎        | 429/3200 [04:14<30:40,  1.51it/s]
Indexing:  13%|█▎        | 430/3200 [04:15<30:30,  1.51it/s]
Indexing:  13%|█▎        | 431/3200 [04:16<30:23,  1.52it/s]
Indexing:  14%|█▎        | 432/3200 [04:16<30:57,  1.49it/s]
Indexing:  14%|█▎        | 433/3200 [04:17<30:38,  1.51it/s]
Indexing:  14%|█▎        | 434/3200 [04:18<30:22,  1.52it/s]
Indexing:  14%|█▎        | 435/3200 [04:18<30:23,  1.52it/s]
Indexing:  14%|█▎        | 436/3200 [04:19<30:37,  1.50it/s]
Indexing:  14%|█▎        | 437/3200 [04:20<30:23,  1.52it/s]
Indexing:  14%|█▎        | 438/3200 [04:20<30:18,  1.52it/s]
Indexing:  14%|█▎        | 439/3200 [04:21<30:10,  1.52it/s]
Indexing:  14%|█▍        | 440/3200 [04:22<30:10,  1.52it/s]
Indexing:  14%|█▍        | 441/3200 [04:22<30:04,  1.53it/s]
Indexing:  14%|█▍        | 442/3200 [04:23<30:26,  1.51it/s]
Indexing:  14%|█▍        | 443/3200 [04:24<30:12,  1.52it/s]
Indexing:  14%|█▍        | 444/3200 [04:24<30:11,  1.52it/s]
Indexing:  14%|█▍        | 445/3200 [04:25<30:08,  1.52it/s]
Indexing:  14%|█▍        | 446/3200 [04:26<30:09,  1.52it/s]
Indexing:  14%|█▍        | 447/3200 [04:26<30:17,  1.51it/s]
Indexing:  14%|█▍        | 448/3200 [04:27<30:07,  1.52it/s]
Indexing:  14%|█▍        | 449/3200 [04:28<30:03,  1.53it/s]
Indexing:  14%|█▍        | 450/3200 [04:28<29:59,  1.53it/s]
Indexing:  14%|█▍        | 451/3200 [04:29<30:12,  1.52it/s]
Indexing:  14%|█▍        | 452/3200 [04:30<29:53,  1.53it/s]
Indexing:  14%|█▍        | 453/3200 [04:30<29:57,  1.53it/s]
Indexing:  14%|█▍        | 454/3200 [04:31<30:07,  1.52it/s]
Indexing:  14%|█▍        | 455/3200 [04:31<30:04,  1.52it/s]
Indexing:  14%|█▍        | 456/3200 [04:32<30:14,  1.51it/s]
Indexing:  14%|█▍        | 457/3200 [04:33<30:17,  1.51it/s]
Indexing:  14%|█▍        | 458/3200 [04:33<30:04,  1.52it/s]
Indexing:  14%|█▍        | 459/3200 [04:34<29:49,  1.53it/s]
Indexing:  14%|█▍        | 460/3200 [04:35<29:06,  1.57it/s]
Indexing:  14%|█▍        | 461/3200 [04:35<29:17,  1.56it/s]
Indexing:  14%|█▍        | 462/3200 [04:36<29:22,  1.55it/s]
Indexing:  14%|█▍        | 463/3200 [04:37<29:32,  1.54it/s]
Indexing:  14%|█▍        | 464/3200 [04:37<29:29,  1.55it/s]
Indexing:  15%|█▍        | 465/3200 [04:38<29:11,  1.56it/s]
Indexing:  15%|█▍        | 466/3200 [04:39<29:51,  1.53it/s]
Indexing:  15%|█▍        | 467/3200 [04:39<29:35,  1.54it/s]
Indexing:  15%|█▍        | 468/3200 [04:40<29:31,  1.54it/s]
Indexing:  15%|█▍        | 469/3200 [04:41<29:10,  1.56it/s]
Indexing:  15%|█▍        | 470/3200 [04:41<29:19,  1.55it/s]
Indexing:  15%|█▍        | 471/3200 [04:42<29:23,  1.55it/s]
Indexing:  15%|█▍        | 472/3200 [04:42<29:25,  1.55it/s]
Indexing:  15%|█▍        | 473/3200 [04:43<29:19,  1.55it/s]
Indexing:  15%|█▍        | 474/3200 [04:44<29:22,  1.55it/s]
Indexing:  15%|█▍        | 475/3200 [04:44<29:46,  1.53it/s]
Indexing:  15%|█▍        | 476/3200 [04:45<30:10,  1.50it/s]
Indexing:  15%|█▍        | 477/3200 [04:46<30:15,  1.50it/s]
Indexing:  15%|█▍        | 478/3200 [04:46<30:30,  1.49it/s]
Indexing:  15%|█▍        | 479/3200 [04:47<30:07,  1.51it/s]
Indexing:  15%|█▌        | 480/3200 [04:48<29:57,  1.51it/s]
Indexing:  15%|█▌        | 481/3200 [04:48<29:42,  1.53it/s]
Indexing:  15%|█▌        | 482/3200 [04:49<29:44,  1.52it/s]
Indexing:  15%|█▌        | 483/3200 [04:50<29:39,  1.53it/s]
Indexing:  15%|█▌        | 484/3200 [04:50<29:45,  1.52it/s]
Indexing:  15%|█▌        | 485/3200 [04:51<30:10,  1.50it/s]
Indexing:  15%|█▌        | 486/3200 [04:52<30:25,  1.49it/s]
Indexing:  15%|█▌        | 487/3200 [04:52<30:06,  1.50it/s]
Indexing:  15%|█▌        | 488/3200 [04:53<29:45,  1.52it/s]
Indexing:  15%|█▌        | 489/3200 [04:54<30:10,  1.50it/s]
Indexing:  15%|█▌        | 490/3200 [04:54<30:07,  1.50it/s]
Indexing:  15%|█▌        | 491/3200 [04:55<30:17,  1.49it/s]
Indexing:  15%|█▌        | 492/3200 [04:56<29:51,  1.51it/s]
Indexing:  15%|█▌        | 493/3200 [04:57<35:14,  1.28it/s]
Indexing:  15%|█▌        | 494/3200 [04:57<33:00,  1.37it/s]
Indexing:  15%|█▌        | 495/3200 [04:58<32:11,  1.40it/s]
Indexing:  16%|█▌        | 496/3200 [04:59<31:15,  1.44it/s]
Indexing:  16%|█▌        | 497/3200 [04:59<30:32,  1.47it/s]
Indexing:  16%|█▌        | 498/3200 [05:00<30:27,  1.48it/s]
Indexing:  16%|█▌        | 499/3200 [05:01<30:00,  1.50it/s]
Indexing:  16%|█▌        | 500/3200 [05:01<30:17,  1.49it/s]
Indexing:  16%|█▌        | 501/3200 [05:02<30:02,  1.50it/s]
Indexing:  16%|█▌        | 502/3200 [05:03<29:49,  1.51it/s]
Indexing:  16%|█▌        | 503/3200 [05:03<29:45,  1.51it/s]
Indexing:  16%|█▌        | 504/3200 [05:04<29:35,  1.52it/s]
Indexing:  16%|█▌        | 505/3200 [05:05<29:54,  1.50it/s]
Indexing:  16%|█▌        | 506/3200 [05:05<29:52,  1.50it/s]
Indexing:  16%|█▌        | 507/3200 [05:06<30:18,  1.48it/s]
Indexing:  16%|█▌        | 508/3200 [05:07<30:07,  1.49it/s]
Indexing:  16%|█▌        | 509/3200 [05:07<30:23,  1.48it/s]
Indexing:  16%|█▌        | 510/3200 [05:08<30:11,  1.48it/s]
Indexing:  16%|█▌        | 511/3200 [05:09<29:27,  1.52it/s]
Indexing:  16%|█▌        | 512/3200 [05:09<29:30,  1.52it/s]
Indexing:  16%|█▌        | 513/3200 [05:10<29:36,  1.51it/s]
Indexing:  16%|█▌        | 514/3200 [05:11<28:56,  1.55it/s]
Indexing:  16%|█▌        | 515/3200 [05:11<29:00,  1.54it/s]
Indexing:  16%|█▌        | 516/3200 [05:12<29:24,  1.52it/s]
Indexing:  16%|█▌        | 517/3200 [05:13<29:30,  1.52it/s]
Indexing:  16%|█▌        | 518/3200 [05:13<29:24,  1.52it/s]
Indexing:  16%|█▌        | 519/3200 [05:14<29:18,  1.52it/s]
Indexing:  16%|█▋        | 520/3200 [05:15<28:56,  1.54it/s]
Indexing:  16%|█▋        | 521/3200 [05:15<28:59,  1.54it/s]
Indexing:  16%|█▋        | 522/3200 [05:16<28:46,  1.55it/s]
Indexing:  16%|█▋        | 523/3200 [05:17<28:51,  1.55it/s]
Indexing:  16%|█▋        | 524/3200 [05:17<28:22,  1.57it/s]
Indexing:  16%|█▋        | 525/3200 [05:18<28:51,  1.54it/s]
Indexing:  16%|█▋        | 526/3200 [05:18<28:58,  1.54it/s]
Indexing:  16%|█▋        | 527/3200 [05:19<29:41,  1.50it/s]
Indexing:  16%|█▋        | 528/3200 [05:20<30:27,  1.46it/s]
Indexing:  17%|█▋        | 529/3200 [05:21<30:10,  1.48it/s]
Indexing:  17%|█▋        | 530/3200 [05:21<30:02,  1.48it/s]
Indexing:  17%|█▋        | 531/3200 [05:22<29:47,  1.49it/s]
Indexing:  17%|█▋        | 532/3200 [05:23<29:30,  1.51it/s]
Indexing:  17%|█▋        | 533/3200 [05:23<29:29,  1.51it/s]
Indexing:  17%|█▋        | 534/3200 [05:24<29:21,  1.51it/s]
Indexing:  17%|█▋        | 535/3200 [05:24<29:09,  1.52it/s]
Indexing:  17%|█▋        | 536/3200 [05:25<29:08,  1.52it/s]
Indexing:  17%|█▋        | 537/3200 [05:26<28:55,  1.53it/s]
Indexing:  17%|█▋        | 538/3200 [05:26<28:52,  1.54it/s]
Indexing:  17%|█▋        | 539/3200 [05:27<28:57,  1.53it/s]
Indexing:  17%|█▋        | 540/3200 [05:28<29:01,  1.53it/s]
Indexing:  17%|█▋        | 541/3200 [05:28<29:06,  1.52it/s]
Indexing:  17%|█▋        | 542/3200 [05:29<29:02,  1.53it/s]
Indexing:  17%|█▋        | 543/3200 [05:30<28:57,  1.53it/s]
Indexing:  17%|█▋        | 544/3200 [05:30<28:48,  1.54it/s]
Indexing:  17%|█▋        | 545/3200 [05:31<28:56,  1.53it/s]
Indexing:  17%|█▋        | 546/3200 [05:32<28:49,  1.53it/s]
Indexing:  17%|█▋        | 547/3200 [05:32<29:13,  1.51it/s]
Indexing:  17%|█▋        | 548/3200 [05:33<29:04,  1.52it/s]
Indexing:  17%|█▋        | 549/3200 [05:34<28:51,  1.53it/s]
Indexing:  17%|█▋        | 550/3200 [05:34<28:55,  1.53it/s]
Indexing:  17%|█▋        | 551/3200 [05:35<28:41,  1.54it/s]
Indexing:  17%|█▋        | 552/3200 [05:36<28:47,  1.53it/s]
Indexing:  17%|█▋        | 553/3200 [05:36<28:45,  1.53it/s]
Indexing:  17%|█▋        | 554/3200 [05:37<28:55,  1.52it/s]
Indexing:  17%|█▋        | 555/3200 [05:38<28:50,  1.53it/s]
Indexing:  17%|█▋        | 556/3200 [05:38<28:55,  1.52it/s]
Indexing:  17%|█▋        | 557/3200 [05:39<28:57,  1.52it/s]
Indexing:  17%|█▋        | 558/3200 [05:40<28:59,  1.52it/s]
Indexing:  17%|█▋        | 559/3200 [05:40<29:05,  1.51it/s]
Indexing:  18%|█▊        | 560/3200 [05:41<28:56,  1.52it/s]
Indexing:  18%|█▊        | 561/3200 [05:42<28:48,  1.53it/s]
Indexing:  18%|█▊        | 562/3200 [05:42<28:46,  1.53it/s]
Indexing:  18%|█▊        | 563/3200 [05:43<28:35,  1.54it/s]
Indexing:  18%|█▊        | 564/3200 [05:43<28:40,  1.53it/s]
Indexing:  18%|█▊        | 565/3200 [05:44<28:39,  1.53it/s]
Indexing:  18%|█▊        | 566/3200 [05:45<29:33,  1.48it/s]
Indexing:  18%|█▊        | 567/3200 [05:45<29:03,  1.51it/s]
Indexing:  18%|█▊        | 568/3200 [05:46<29:00,  1.51it/s]
Indexing:  18%|█▊        | 569/3200 [05:47<29:00,  1.51it/s]
Indexing:  18%|█▊        | 570/3200 [05:47<29:06,  1.51it/s]
Indexing:  18%|█▊        | 571/3200 [05:48<29:16,  1.50it/s]
Indexing:  18%|█▊        | 572/3200 [05:49<29:04,  1.51it/s]
Indexing:  18%|█▊        | 573/3200 [05:49<28:41,  1.53it/s]
Indexing:  18%|█▊        | 574/3200 [05:50<28:41,  1.53it/s]
Indexing:  18%|█▊        | 575/3200 [05:51<28:39,  1.53it/s]
Indexing:  18%|█▊        | 576/3200 [05:52<31:14,  1.40it/s]
Indexing:  18%|█▊        | 577/3200 [05:52<29:57,  1.46it/s]
Indexing:  18%|█▊        | 578/3200 [05:53<30:00,  1.46it/s]
Indexing:  18%|█▊        | 579/3200 [05:54<29:54,  1.46it/s]
Indexing:  18%|█▊        | 580/3200 [05:54<29:45,  1.47it/s]
Indexing:  18%|█▊        | 581/3200 [05:55<29:23,  1.49it/s]
Indexing:  18%|█▊        | 582/3200 [05:56<28:58,  1.51it/s]
Indexing:  18%|█▊        | 583/3200 [05:56<28:55,  1.51it/s]
Indexing:  18%|█▊        | 584/3200 [05:57<28:57,  1.51it/s]
Indexing:  18%|█▊        | 585/3200 [05:58<28:46,  1.51it/s]
Indexing:  18%|█▊        | 586/3200 [05:58<28:43,  1.52it/s]
Indexing:  18%|█▊        | 587/3200 [05:59<28:47,  1.51it/s]
Indexing:  18%|█▊        | 588/3200 [05:59<28:34,  1.52it/s]
Indexing:  18%|█▊        | 589/3200 [06:00<28:53,  1.51it/s]
Indexing:  18%|█▊        | 590/3200 [06:01<29:26,  1.48it/s]
Indexing:  18%|█▊        | 591/3200 [06:02<28:59,  1.50it/s]
Indexing:  18%|█▊        | 592/3200 [06:02<29:23,  1.48it/s]
Indexing:  19%|█▊        | 593/3200 [06:03<29:18,  1.48it/s]
Indexing:  19%|█▊        | 594/3200 [06:04<29:29,  1.47it/s]
Indexing:  19%|█▊        | 595/3200 [06:04<29:24,  1.48it/s]
Indexing:  19%|█▊        | 596/3200 [06:05<29:01,  1.50it/s]
Indexing:  19%|█▊        | 597/3200 [06:06<28:56,  1.50it/s]
Indexing:  19%|█▊        | 598/3200 [06:06<29:48,  1.45it/s]
Indexing:  19%|█▊        | 599/3200 [06:07<29:10,  1.49it/s]
Indexing:  19%|█▉        | 600/3200 [06:08<29:50,  1.45it/s]
Indexing:  19%|█▉        | 601/3200 [06:08<29:51,  1.45it/s]
Indexing:  19%|█▉        | 602/3200 [06:09<29:30,  1.47it/s]
Indexing:  19%|█▉        | 603/3200 [06:10<29:59,  1.44it/s]
Indexing:  19%|█▉        | 604/3200 [06:10<29:38,  1.46it/s]
Indexing:  19%|█▉        | 605/3200 [06:11<29:33,  1.46it/s]
Indexing:  19%|█▉        | 606/3200 [06:12<29:14,  1.48it/s]
Indexing:  19%|█▉        | 607/3200 [06:12<29:15,  1.48it/s]
Indexing:  19%|█▉        | 608/3200 [06:13<29:11,  1.48it/s]
Indexing:  19%|█▉        | 609/3200 [06:14<28:56,  1.49it/s]
Indexing:  19%|█▉        | 610/3200 [06:14<28:47,  1.50it/s]
Indexing:  19%|█▉        | 611/3200 [06:15<28:46,  1.50it/s]
Indexing:  19%|█▉        | 612/3200 [06:16<28:28,  1.51it/s]
Indexing:  19%|█▉        | 613/3200 [06:16<28:47,  1.50it/s]
Indexing:  19%|█▉        | 614/3200 [06:17<28:30,  1.51it/s]
Indexing:  19%|█▉        | 615/3200 [06:18<28:49,  1.49it/s]
Indexing:  19%|█▉        | 616/3200 [06:18<28:51,  1.49it/s]
Indexing:  19%|█▉        | 617/3200 [06:19<28:34,  1.51it/s]
Indexing:  19%|█▉        | 618/3200 [06:20<28:32,  1.51it/s]
Indexing:  19%|█▉        | 619/3200 [06:20<28:47,  1.49it/s]
Indexing:  19%|█▉        | 620/3200 [06:21<28:15,  1.52it/s]
Indexing:  19%|█▉        | 621/3200 [06:22<28:34,  1.50it/s]
Indexing:  19%|█▉        | 622/3200 [06:22<28:37,  1.50it/s]
Indexing:  19%|█▉        | 623/3200 [06:23<28:33,  1.50it/s]
Indexing:  20%|█▉        | 624/3200 [06:24<28:39,  1.50it/s]
Indexing:  20%|█▉        | 625/3200 [06:25<30:01,  1.43it/s]
Indexing:  20%|█▉        | 626/3200 [06:25<29:19,  1.46it/s]
Indexing:  20%|█▉        | 627/3200 [06:26<29:36,  1.45it/s]
Indexing:  20%|█▉        | 628/3200 [06:26<29:01,  1.48it/s]
Indexing:  20%|█▉        | 629/3200 [06:27<28:51,  1.48it/s]
Indexing:  20%|█▉        | 630/3200 [06:28<28:55,  1.48it/s]
Indexing:  20%|█▉        | 631/3200 [06:29<29:10,  1.47it/s]
Indexing:  20%|█▉        | 632/3200 [06:29<29:49,  1.44it/s]
Indexing:  20%|█▉        | 633/3200 [06:30<28:57,  1.48it/s]
Indexing:  20%|█▉        | 634/3200 [06:31<28:56,  1.48it/s]
Indexing:  20%|█▉        | 635/3200 [06:31<28:21,  1.51it/s]
Indexing:  20%|█▉        | 636/3200 [06:32<28:13,  1.51it/s]
Indexing:  20%|█▉        | 637/3200 [06:33<28:25,  1.50it/s]
Indexing:  20%|█▉        | 638/3200 [06:33<28:38,  1.49it/s]
Indexing:  20%|█▉        | 639/3200 [06:34<28:23,  1.50it/s]
Indexing:  20%|██        | 640/3200 [06:35<28:22,  1.50it/s]
Indexing:  20%|██        | 641/3200 [06:35<28:25,  1.50it/s]
Indexing:  20%|██        | 642/3200 [06:36<28:41,  1.49it/s]
Indexing:  20%|██        | 643/3200 [06:37<28:30,  1.50it/s]
Indexing:  20%|██        | 644/3200 [06:37<30:52,  1.38it/s]
Indexing:  20%|██        | 645/3200 [06:38<30:02,  1.42it/s]
Indexing:  20%|██        | 646/3200 [06:39<29:40,  1.43it/s]
Indexing:  20%|██        | 647/3200 [06:39<29:10,  1.46it/s]
Indexing:  20%|██        | 648/3200 [06:40<28:31,  1.49it/s]
Indexing:  20%|██        | 649/3200 [06:41<28:48,  1.48it/s]
Indexing:  20%|██        | 650/3200 [06:41<28:28,  1.49it/s]
Indexing:  20%|██        | 651/3200 [06:42<28:23,  1.50it/s]
Indexing:  20%|██        | 652/3200 [06:43<28:23,  1.50it/s]
Indexing:  20%|██        | 653/3200 [06:43<28:33,  1.49it/s]
Indexing:  20%|██        | 654/3200 [06:44<28:42,  1.48it/s]
Indexing:  20%|██        | 655/3200 [06:45<28:01,  1.51it/s]
Indexing:  20%|██        | 656/3200 [06:45<28:04,  1.51it/s]
Indexing:  21%|██        | 657/3200 [06:46<28:09,  1.50it/s]
Indexing:  21%|██        | 658/3200 [06:47<28:12,  1.50it/s]
Indexing:  21%|██        | 659/3200 [06:47<28:20,  1.49it/s]
Indexing:  21%|██        | 660/3200 [06:48<28:22,  1.49it/s]
Indexing:  21%|██        | 661/3200 [06:49<28:08,  1.50it/s]
Indexing:  21%|██        | 662/3200 [06:49<28:04,  1.51it/s]
Indexing:  21%|██        | 663/3200 [06:50<27:46,  1.52it/s]
Indexing:  21%|██        | 664/3200 [06:51<27:59,  1.51it/s]
Indexing:  21%|██        | 665/3200 [06:51<27:39,  1.53it/s]
Indexing:  21%|██        | 666/3200 [06:52<27:40,  1.53it/s]
Indexing:  21%|██        | 667/3200 [06:53<27:53,  1.51it/s]
Indexing:  21%|██        | 668/3200 [06:53<27:44,  1.52it/s]
Indexing:  21%|██        | 669/3200 [06:54<27:51,  1.51it/s]
Indexing:  21%|██        | 670/3200 [06:55<28:06,  1.50it/s]
Indexing:  21%|██        | 671/3200 [06:55<28:19,  1.49it/s]
Indexing:  21%|██        | 672/3200 [06:56<33:05,  1.27it/s]
Indexing:  21%|██        | 673/3200 [06:57<31:16,  1.35it/s]
Indexing:  21%|██        | 674/3200 [06:58<30:36,  1.38it/s]
Indexing:  21%|██        | 675/3200 [06:58<29:39,  1.42it/s]
Indexing:  21%|██        | 676/3200 [06:59<28:47,  1.46it/s]
Indexing:  21%|██        | 677/3200 [07:00<28:28,  1.48it/s]
Indexing:  21%|██        | 678/3200 [07:00<28:09,  1.49it/s]
Indexing:  21%|██        | 679/3200 [07:01<28:04,  1.50it/s]
Indexing:  21%|██▏       | 680/3200 [07:02<27:41,  1.52it/s]
Indexing:  21%|██▏       | 681/3200 [07:02<27:40,  1.52it/s]
Indexing:  21%|██▏       | 682/3200 [07:03<28:04,  1.49it/s]
Indexing:  21%|██▏       | 683/3200 [07:04<28:25,  1.48it/s]
Indexing:  21%|██▏       | 684/3200 [07:04<28:17,  1.48it/s]
Indexing:  21%|██▏       | 685/3200 [07:05<28:04,  1.49it/s]
Indexing:  21%|██▏       | 686/3200 [07:06<28:03,  1.49it/s]
Indexing:  21%|██▏       | 687/3200 [07:06<27:47,  1.51it/s]
Indexing:  22%|██▏       | 688/3200 [07:07<27:55,  1.50it/s]
Indexing:  22%|██▏       | 689/3200 [07:08<27:43,  1.51it/s]
Indexing:  22%|██▏       | 690/3200 [07:08<27:33,  1.52it/s]
Indexing:  22%|██▏       | 691/3200 [07:09<27:37,  1.51it/s]
Indexing:  22%|██▏       | 692/3200 [07:10<27:33,  1.52it/s]
Indexing:  22%|██▏       | 693/3200 [07:10<27:36,  1.51it/s]
Indexing:  22%|██▏       | 694/3200 [07:11<27:39,  1.51it/s]
Indexing:  22%|██▏       | 695/3200 [07:12<29:09,  1.43it/s]
Indexing:  22%|██▏       | 696/3200 [07:12<28:19,  1.47it/s]
Indexing:  22%|██▏       | 697/3200 [07:13<30:26,  1.37it/s]
Indexing:  22%|██▏       | 698/3200 [07:14<29:15,  1.43it/s]
Indexing:  22%|██▏       | 699/3200 [07:15<28:56,  1.44it/s]
Indexing:  22%|██▏       | 700/3200 [07:15<28:23,  1.47it/s]
Indexing:  22%|██▏       | 701/3200 [07:16<28:07,  1.48it/s]
Indexing:  22%|██▏       | 702/3200 [07:17<28:00,  1.49it/s]
Indexing:  22%|██▏       | 703/3200 [07:17<28:00,  1.49it/s]
Indexing:  22%|██▏       | 704/3200 [07:18<27:50,  1.49it/s]
Indexing:  22%|██▏       | 705/3200 [07:19<27:43,  1.50it/s]
Indexing:  22%|██▏       | 706/3200 [07:19<27:45,  1.50it/s]
Indexing:  22%|██▏       | 707/3200 [07:20<27:25,  1.51it/s]
Indexing:  22%|██▏       | 708/3200 [07:20<27:33,  1.51it/s]
Indexing:  22%|██▏       | 709/3200 [07:21<27:22,  1.52it/s]
Indexing:  22%|██▏       | 710/3200 [07:22<27:50,  1.49it/s]
Indexing:  22%|██▏       | 711/3200 [07:22<27:35,  1.50it/s]
Indexing:  22%|██▏       | 712/3200 [07:23<27:43,  1.50it/s]
Indexing:  22%|██▏       | 713/3200 [07:24<27:40,  1.50it/s]
Indexing:  22%|██▏       | 714/3200 [07:25<27:58,  1.48it/s]
Indexing:  22%|██▏       | 715/3200 [07:25<28:08,  1.47it/s]
Indexing:  22%|██▏       | 716/3200 [07:26<27:47,  1.49it/s]
Indexing:  22%|██▏       | 717/3200 [07:27<28:03,  1.47it/s]
Indexing:  22%|██▏       | 718/3200 [07:27<27:52,  1.48it/s]
Indexing:  22%|██▏       | 719/3200 [07:28<28:12,  1.47it/s]
Indexing:  22%|██▎       | 720/3200 [07:29<28:09,  1.47it/s]
Indexing:  23%|██▎       | 721/3200 [07:29<27:37,  1.50it/s]
Indexing:  23%|██▎       | 722/3200 [07:30<27:59,  1.48it/s]
Indexing:  23%|██▎       | 723/3200 [07:31<27:34,  1.50it/s]
Indexing:  23%|██▎       | 724/3200 [07:31<27:31,  1.50it/s]
Indexing:  23%|██▎       | 725/3200 [07:32<28:01,  1.47it/s]
Indexing:  23%|██▎       | 726/3200 [07:33<27:32,  1.50it/s]
Indexing:  23%|██▎       | 727/3200 [07:33<27:38,  1.49it/s]
Indexing:  23%|██▎       | 728/3200 [07:34<27:36,  1.49it/s]
Indexing:  23%|██▎       | 729/3200 [07:35<27:25,  1.50it/s]
Indexing:  23%|██▎       | 730/3200 [07:35<28:47,  1.43it/s]
Indexing:  23%|██▎       | 731/3200 [07:36<28:09,  1.46it/s]
Indexing:  23%|██▎       | 732/3200 [07:37<28:43,  1.43it/s]
Indexing:  23%|██▎       | 733/3200 [07:37<28:10,  1.46it/s]
Indexing:  23%|██▎       | 734/3200 [07:38<28:29,  1.44it/s]
Indexing:  23%|██▎       | 735/3200 [07:39<28:07,  1.46it/s]
Indexing:  23%|██▎       | 736/3200 [07:39<27:58,  1.47it/s]
Indexing:  23%|██▎       | 737/3200 [07:40<27:46,  1.48it/s]
Indexing:  23%|██▎       | 738/3200 [07:41<27:36,  1.49it/s]
Indexing:  23%|██▎       | 739/3200 [07:41<27:28,  1.49it/s]
Indexing:  23%|██▎       | 740/3200 [07:42<27:29,  1.49it/s]
Indexing:  23%|██▎       | 741/3200 [07:43<27:21,  1.50it/s]
Indexing:  23%|██▎       | 742/3200 [07:43<27:19,  1.50it/s]
Indexing:  23%|██▎       | 743/3200 [07:44<27:19,  1.50it/s]
Indexing:  23%|██▎       | 744/3200 [07:45<27:05,  1.51it/s]
Indexing:  23%|██▎       | 745/3200 [07:45<27:10,  1.51it/s]
Indexing:  23%|██▎       | 746/3200 [07:46<27:23,  1.49it/s]
Indexing:  23%|██▎       | 747/3200 [07:47<27:07,  1.51it/s]
Indexing:  23%|██▎       | 748/3200 [07:48<28:33,  1.43it/s]
Indexing:  23%|██▎       | 749/3200 [07:48<27:49,  1.47it/s]
Indexing:  23%|██▎       | 750/3200 [07:49<28:00,  1.46it/s]
Indexing:  23%|██▎       | 751/3200 [07:50<28:01,  1.46it/s]
Indexing:  24%|██▎       | 752/3200 [07:50<27:29,  1.48it/s]
Indexing:  24%|██▎       | 753/3200 [07:51<27:26,  1.49it/s]
Indexing:  24%|██▎       | 754/3200 [07:52<27:20,  1.49it/s]
Indexing:  24%|██▎       | 755/3200 [07:52<27:19,  1.49it/s]
Indexing:  24%|██▎       | 756/3200 [07:53<27:18,  1.49it/s]
Indexing:  24%|██▎       | 757/3200 [07:54<27:16,  1.49it/s]
Indexing:  24%|██▎       | 758/3200 [07:54<27:04,  1.50it/s]
Indexing:  24%|██▎       | 759/3200 [07:55<27:02,  1.50it/s]
Indexing:  24%|██▍       | 760/3200 [07:56<27:16,  1.49it/s]
Indexing:  24%|██▍       | 761/3200 [07:56<27:30,  1.48it/s]
Indexing:  24%|██▍       | 762/3200 [07:57<27:10,  1.49it/s]
Indexing:  24%|██▍       | 763/3200 [07:58<26:41,  1.52it/s]
Indexing:  24%|██▍       | 764/3200 [07:58<26:52,  1.51it/s]
Indexing:  24%|██▍       | 765/3200 [07:59<27:23,  1.48it/s]
Indexing:  24%|██▍       | 766/3200 [08:00<27:01,  1.50it/s]
Indexing:  24%|██▍       | 767/3200 [08:00<27:10,  1.49it/s]
Indexing:  24%|██▍       | 768/3200 [08:01<28:09,  1.44it/s]
Indexing:  24%|██▍       | 769/3200 [08:02<27:04,  1.50it/s]
Indexing:  24%|██▍       | 770/3200 [08:02<27:29,  1.47it/s]
Indexing:  24%|██▍       | 771/3200 [08:03<27:27,  1.47it/s]
Indexing:  24%|██▍       | 772/3200 [08:04<27:14,  1.49it/s]
Indexing:  24%|██▍       | 773/3200 [08:04<27:20,  1.48it/s]
Indexing:  24%|██▍       | 774/3200 [08:05<27:23,  1.48it/s]
Indexing:  24%|██▍       | 775/3200 [08:06<27:35,  1.46it/s]
Indexing:  24%|██▍       | 776/3200 [08:06<27:36,  1.46it/s]
Indexing:  24%|██▍       | 777/3200 [08:07<27:27,  1.47it/s]
Indexing:  24%|██▍       | 778/3200 [08:08<28:08,  1.43it/s]
Indexing:  24%|██▍       | 779/3200 [08:08<27:46,  1.45it/s]
Indexing:  24%|██▍       | 780/3200 [08:09<27:36,  1.46it/s]
Indexing:  24%|██▍       | 781/3200 [08:10<27:28,  1.47it/s]
Indexing:  24%|██▍       | 782/3200 [08:10<26:54,  1.50it/s]
Indexing:  24%|██▍       | 783/3200 [08:11<27:18,  1.47it/s]
Indexing:  24%|██▍       | 784/3200 [08:12<27:08,  1.48it/s]
Indexing:  25%|██▍       | 785/3200 [08:13<27:09,  1.48it/s]
Indexing:  25%|██▍       | 786/3200 [08:13<27:32,  1.46it/s]
Indexing:  25%|██▍       | 787/3200 [08:14<27:16,  1.47it/s]
Indexing:  25%|██▍       | 788/3200 [08:15<27:35,  1.46it/s]
Indexing:  25%|██▍       | 789/3200 [08:15<27:20,  1.47it/s]
Indexing:  25%|██▍       | 790/3200 [08:16<27:05,  1.48it/s]
Indexing:  25%|██▍       | 791/3200 [08:17<27:03,  1.48it/s]
Indexing:  25%|██▍       | 792/3200 [08:17<27:17,  1.47it/s]
Indexing:  25%|██▍       | 793/3200 [08:18<27:08,  1.48it/s]
Indexing:  25%|██▍       | 794/3200 [08:19<26:48,  1.50it/s]
Indexing:  25%|██▍       | 795/3200 [08:19<27:09,  1.48it/s]
Indexing:  25%|██▍       | 796/3200 [08:20<26:53,  1.49it/s]
Indexing:  25%|██▍       | 797/3200 [08:21<27:06,  1.48it/s]
Indexing:  25%|██▍       | 798/3200 [08:21<27:24,  1.46it/s]
Indexing:  25%|██▍       | 799/3200 [08:22<26:56,  1.49it/s]
Indexing:  25%|██▌       | 800/3200 [08:23<27:04,  1.48it/s]
Indexing:  25%|██▌       | 801/3200 [08:23<26:50,  1.49it/s]
Indexing:  25%|██▌       | 802/3200 [08:24<26:45,  1.49it/s]
Indexing:  25%|██▌       | 803/3200 [08:25<26:50,  1.49it/s]
Indexing:  25%|██▌       | 804/3200 [08:25<26:45,  1.49it/s]
Indexing:  25%|██▌       | 805/3200 [08:26<26:43,  1.49it/s]
Indexing:  25%|██▌       | 806/3200 [08:27<27:45,  1.44it/s]
Indexing:  25%|██▌       | 807/3200 [08:27<27:44,  1.44it/s]
Indexing:  25%|██▌       | 808/3200 [08:28<27:19,  1.46it/s]
Indexing:  25%|██▌       | 809/3200 [08:29<27:13,  1.46it/s]
Indexing:  25%|██▌       | 810/3200 [08:29<26:54,  1.48it/s]
Indexing:  25%|██▌       | 811/3200 [08:30<26:46,  1.49it/s]
Indexing:  25%|██▌       | 812/3200 [08:31<26:40,  1.49it/s]
Indexing:  25%|██▌       | 813/3200 [08:31<26:42,  1.49it/s]
Indexing:  25%|██▌       | 814/3200 [08:32<26:35,  1.50it/s]
Indexing:  25%|██▌       | 815/3200 [08:33<26:47,  1.48it/s]
Indexing:  26%|██▌       | 816/3200 [08:33<26:23,  1.51it/s]
Indexing:  26%|██▌       | 817/3200 [08:34<26:25,  1.50it/s]
Indexing:  26%|██▌       | 818/3200 [08:35<26:48,  1.48it/s]
Indexing:  26%|██▌       | 819/3200 [08:35<26:20,  1.51it/s]
Indexing:  26%|██▌       | 820/3200 [08:36<26:56,  1.47it/s]
Indexing:  26%|██▌       | 821/3200 [08:37<26:43,  1.48it/s]
Indexing:  26%|██▌       | 822/3200 [08:37<26:28,  1.50it/s]
Indexing:  26%|██▌       | 823/3200 [08:38<26:46,  1.48it/s]
Indexing:  26%|██▌       | 824/3200 [08:39<26:36,  1.49it/s]
Indexing:  26%|██▌       | 825/3200 [08:40<26:40,  1.48it/s]
Indexing:  26%|██▌       | 826/3200 [08:40<26:37,  1.49it/s]
Indexing:  26%|██▌       | 827/3200 [08:41<26:24,  1.50it/s]
Indexing:  26%|██▌       | 828/3200 [08:42<26:27,  1.49it/s]
Indexing:  26%|██▌       | 829/3200 [08:42<26:31,  1.49it/s]
Indexing:  26%|██▌       | 830/3200 [08:43<27:03,  1.46it/s]
Indexing:  26%|██▌       | 831/3200 [08:44<26:46,  1.47it/s]
Indexing:  26%|██▌       | 832/3200 [08:44<26:52,  1.47it/s]
Indexing:  26%|██▌       | 833/3200 [08:45<26:47,  1.47it/s]
Indexing:  26%|██▌       | 834/3200 [08:46<26:33,  1.48it/s]
Indexing:  26%|██▌       | 835/3200 [08:46<26:48,  1.47it/s]
Indexing:  26%|██▌       | 836/3200 [08:47<26:39,  1.48it/s]
Indexing:  26%|██▌       | 837/3200 [08:48<26:46,  1.47it/s]
Indexing:  26%|██▌       | 838/3200 [08:48<26:36,  1.48it/s]
Indexing:  26%|██▌       | 839/3200 [08:49<26:44,  1.47it/s]
Indexing:  26%|██▋       | 840/3200 [08:50<26:58,  1.46it/s]
Indexing:  26%|██▋       | 841/3200 [08:50<26:41,  1.47it/s]
Indexing:  26%|██▋       | 842/3200 [08:51<26:57,  1.46it/s]
Indexing:  26%|██▋       | 843/3200 [08:52<26:39,  1.47it/s]
Indexing:  26%|██▋       | 844/3200 [08:52<26:26,  1.49it/s]
Indexing:  26%|██▋       | 845/3200 [08:53<26:29,  1.48it/s]
Indexing:  26%|██▋       | 846/3200 [08:54<26:38,  1.47it/s]
Indexing:  26%|██▋       | 847/3200 [08:54<26:37,  1.47it/s]
Indexing:  26%|██▋       | 848/3200 [08:55<26:42,  1.47it/s]
Indexing:  27%|██▋       | 849/3200 [08:56<26:40,  1.47it/s]
Indexing:  27%|██▋       | 850/3200 [08:56<26:14,  1.49it/s]
Indexing:  27%|██▋       | 851/3200 [08:57<26:19,  1.49it/s]
Indexing:  27%|██▋       | 852/3200 [08:58<26:08,  1.50it/s]
Indexing:  27%|██▋       | 853/3200 [08:58<26:03,  1.50it/s]
Indexing:  27%|██▋       | 854/3200 [08:59<25:48,  1.52it/s]
Indexing:  27%|██▋       | 855/3200 [09:00<25:56,  1.51it/s]
Indexing:  27%|██▋       | 856/3200 [09:00<25:50,  1.51it/s]
Indexing:  27%|██▋       | 857/3200 [09:01<25:50,  1.51it/s]
Indexing:  27%|██▋       | 858/3200 [09:02<25:55,  1.51it/s]
Indexing:  27%|██▋       | 859/3200 [09:02<25:58,  1.50it/s]
Indexing:  27%|██▋       | 860/3200 [09:03<26:24,  1.48it/s]
Indexing:  27%|██▋       | 861/3200 [09:04<26:20,  1.48it/s]
Indexing:  27%|██▋       | 862/3200 [09:04<26:14,  1.48it/s]
Indexing:  27%|██▋       | 863/3200 [09:05<26:33,  1.47it/s]
Indexing:  27%|██▋       | 864/3200 [09:06<26:58,  1.44it/s]
Indexing:  27%|██▋       | 865/3200 [09:07<26:35,  1.46it/s]
Indexing:  27%|██▋       | 866/3200 [09:07<26:37,  1.46it/s]
Indexing:  27%|██▋       | 867/3200 [09:08<26:47,  1.45it/s]
Indexing:  27%|██▋       | 868/3200 [09:09<26:31,  1.47it/s]
Indexing:  27%|██▋       | 869/3200 [09:09<26:29,  1.47it/s]
Indexing:  27%|██▋       | 870/3200 [09:10<26:29,  1.47it/s]
Indexing:  27%|██▋       | 871/3200 [09:11<26:31,  1.46it/s]
Indexing:  27%|██▋       | 872/3200 [09:11<26:24,  1.47it/s]
Indexing:  27%|██▋       | 873/3200 [09:12<26:18,  1.47it/s]
Indexing:  27%|██▋       | 874/3200 [09:13<25:56,  1.49it/s]
Indexing:  27%|██▋       | 875/3200 [09:13<26:15,  1.48it/s]
Indexing:  27%|██▋       | 876/3200 [09:14<26:13,  1.48it/s]
Indexing:  27%|██▋       | 877/3200 [09:15<26:27,  1.46it/s]
Indexing:  27%|██▋       | 878/3200 [09:15<26:18,  1.47it/s]
Indexing:  27%|██▋       | 879/3200 [09:16<26:28,  1.46it/s]
Indexing:  28%|██▊       | 880/3200 [09:17<26:51,  1.44it/s]
Indexing:  28%|██▊       | 881/3200 [09:17<26:22,  1.47it/s]
Indexing:  28%|██▊       | 882/3200 [09:18<26:17,  1.47it/s]
Indexing:  28%|██▊       | 883/3200 [09:19<26:16,  1.47it/s]
Indexing:  28%|██▊       | 884/3200 [09:19<25:56,  1.49it/s]
Indexing:  28%|██▊       | 885/3200 [09:20<26:20,  1.46it/s]
Indexing:  28%|██▊       | 886/3200 [09:21<26:16,  1.47it/s]
Indexing:  28%|██▊       | 887/3200 [09:22<26:26,  1.46it/s]
Indexing:  28%|██▊       | 888/3200 [09:22<26:37,  1.45it/s]
Indexing:  28%|██▊       | 889/3200 [09:23<26:22,  1.46it/s]
Indexing:  28%|██▊       | 890/3200 [09:24<26:14,  1.47it/s]
Indexing:  28%|██▊       | 891/3200 [09:24<27:19,  1.41it/s]
Indexing:  28%|██▊       | 892/3200 [09:25<27:06,  1.42it/s]
Indexing:  28%|██▊       | 893/3200 [09:26<27:05,  1.42it/s]
Indexing:  28%|██▊       | 894/3200 [09:26<26:50,  1.43it/s]
Indexing:  28%|██▊       | 895/3200 [09:27<26:44,  1.44it/s]
Indexing:  28%|██▊       | 896/3200 [09:28<26:20,  1.46it/s]
Indexing:  28%|██▊       | 897/3200 [09:28<26:19,  1.46it/s]
Indexing:  28%|██▊       | 898/3200 [09:29<26:12,  1.46it/s]
Indexing:  28%|██▊       | 899/3200 [09:30<26:02,  1.47it/s]
Indexing:  28%|██▊       | 900/3200 [09:31<26:00,  1.47it/s]
Indexing:  28%|██▊       | 901/3200 [09:31<27:28,  1.39it/s]
Indexing:  28%|██▊       | 902/3200 [09:32<26:46,  1.43it/s]
Indexing:  28%|██▊       | 903/3200 [09:33<27:05,  1.41it/s]
Indexing:  28%|██▊       | 904/3200 [09:33<26:49,  1.43it/s]
Indexing:  28%|██▊       | 905/3200 [09:34<26:30,  1.44it/s]
Indexing:  28%|██▊       | 906/3200 [09:35<26:29,  1.44it/s]
Indexing:  28%|██▊       | 907/3200 [09:35<26:23,  1.45it/s]
Indexing:  28%|██▊       | 908/3200 [09:36<26:10,  1.46it/s]
Indexing:  28%|██▊       | 909/3200 [09:37<26:19,  1.45it/s]
Indexing:  28%|██▊       | 910/3200 [09:37<26:05,  1.46it/s]
Indexing:  28%|██▊       | 911/3200 [09:38<26:09,  1.46it/s]
Indexing:  28%|██▊       | 912/3200 [09:39<26:11,  1.46it/s]
Indexing:  29%|██▊       | 913/3200 [09:40<26:10,  1.46it/s]
Indexing:  29%|██▊       | 914/3200 [09:40<26:01,  1.46it/s]
Indexing:  29%|██▊       | 915/3200 [09:41<26:22,  1.44it/s]
Indexing:  29%|██▊       | 916/3200 [09:42<26:39,  1.43it/s]
Indexing:  29%|██▊       | 917/3200 [09:42<26:21,  1.44it/s]
Indexing:  29%|██▊       | 918/3200 [09:43<26:11,  1.45it/s]
Indexing:  29%|██▊       | 919/3200 [09:44<27:03,  1.40it/s]
Indexing:  29%|██▉       | 920/3200 [09:44<26:25,  1.44it/s]
Indexing:  29%|██▉       | 921/3200 [09:45<26:28,  1.43it/s]
Indexing:  29%|██▉       | 922/3200 [09:46<26:16,  1.45it/s]
Indexing:  29%|██▉       | 923/3200 [09:46<25:48,  1.47it/s]
Indexing:  29%|██▉       | 924/3200 [09:47<25:37,  1.48it/s]
Indexing:  29%|██▉       | 925/3200 [09:48<25:32,  1.48it/s]
Indexing:  29%|██▉       | 926/3200 [09:48<25:42,  1.47it/s]
Indexing:  29%|██▉       | 927/3200 [09:49<25:11,  1.50it/s]
Indexing:  29%|██▉       | 928/3200 [09:50<25:24,  1.49it/s]
Indexing:  29%|██▉       | 929/3200 [09:50<25:16,  1.50it/s]
Indexing:  29%|██▉       | 930/3200 [09:51<25:54,  1.46it/s]
Indexing:  29%|██▉       | 931/3200 [09:52<25:45,  1.47it/s]
Indexing:  29%|██▉       | 932/3200 [09:53<25:40,  1.47it/s]
Indexing:  29%|██▉       | 933/3200 [09:53<25:54,  1.46it/s]
Indexing:  29%|██▉       | 934/3200 [09:54<25:32,  1.48it/s]
Indexing:  29%|██▉       | 935/3200 [09:55<25:39,  1.47it/s]
Indexing:  29%|██▉       | 936/3200 [09:55<25:31,  1.48it/s]
Indexing:  29%|██▉       | 937/3200 [09:56<25:47,  1.46it/s]
Indexing:  29%|██▉       | 938/3200 [09:57<25:23,  1.49it/s]
Indexing:  29%|██▉       | 939/3200 [09:57<25:46,  1.46it/s]
Indexing:  29%|██▉       | 940/3200 [09:58<25:41,  1.47it/s]
Indexing:  29%|██▉       | 941/3200 [09:59<25:43,  1.46it/s]
Indexing:  29%|██▉       | 942/3200 [09:59<26:37,  1.41it/s]
Indexing:  29%|██▉       | 943/3200 [10:00<26:13,  1.43it/s]
Indexing:  30%|██▉       | 944/3200 [10:01<26:21,  1.43it/s]
Indexing:  30%|██▉       | 945/3200 [10:02<26:15,  1.43it/s]
Indexing:  30%|██▉       | 946/3200 [10:02<25:49,  1.45it/s]
Indexing:  30%|██▉       | 947/3200 [10:03<26:32,  1.41it/s]
Indexing:  30%|██▉       | 948/3200 [10:04<26:19,  1.43it/s]
Indexing:  30%|██▉       | 949/3200 [10:04<26:06,  1.44it/s]
Indexing:  30%|██▉       | 950/3200 [10:05<26:01,  1.44it/s]
Indexing:  30%|██▉       | 951/3200 [10:06<25:24,  1.48it/s]
Indexing:  30%|██▉       | 952/3200 [10:06<25:33,  1.47it/s]
Indexing:  30%|██▉       | 953/3200 [10:07<25:40,  1.46it/s]
Indexing:  30%|██▉       | 954/3200 [10:08<25:28,  1.47it/s]
Indexing:  30%|██▉       | 955/3200 [10:08<25:34,  1.46it/s]
Indexing:  30%|██▉       | 956/3200 [10:09<25:28,  1.47it/s]
Indexing:  30%|██▉       | 957/3200 [10:10<25:33,  1.46it/s]
Indexing:  30%|██▉       | 958/3200 [10:10<25:05,  1.49it/s]
Indexing:  30%|██▉       | 959/3200 [10:11<25:15,  1.48it/s]
Indexing:  30%|███       | 960/3200 [10:12<25:47,  1.45it/s]
Indexing:  30%|███       | 961/3200 [10:12<25:24,  1.47it/s]
Indexing:  30%|███       | 962/3200 [10:13<25:47,  1.45it/s]
Indexing:  30%|███       | 963/3200 [10:14<26:00,  1.43it/s]
Indexing:  30%|███       | 964/3200 [10:15<26:06,  1.43it/s]
Indexing:  30%|███       | 965/3200 [10:15<26:01,  1.43it/s]
Indexing:  30%|███       | 966/3200 [10:16<25:32,  1.46it/s]
Indexing:  30%|███       | 967/3200 [10:17<25:41,  1.45it/s]
Indexing:  30%|███       | 968/3200 [10:17<25:28,  1.46it/s]
Indexing:  30%|███       | 969/3200 [10:18<25:25,  1.46it/s]
Indexing:  30%|███       | 970/3200 [10:19<26:08,  1.42it/s]
Indexing:  30%|███       | 971/3200 [10:19<25:47,  1.44it/s]
Indexing:  30%|███       | 972/3200 [10:20<25:36,  1.45it/s]
Indexing:  30%|███       | 973/3200 [10:21<30:06,  1.23it/s]
Indexing:  30%|███       | 974/3200 [10:22<28:36,  1.30it/s]
Indexing:  30%|███       | 975/3200 [10:23<27:57,  1.33it/s]
Indexing:  30%|███       | 976/3200 [10:23<27:12,  1.36it/s]
Indexing:  31%|███       | 977/3200 [10:24<26:27,  1.40it/s]
Indexing:  31%|███       | 978/3200 [10:25<26:45,  1.38it/s]
Indexing:  31%|███       | 979/3200 [10:25<25:41,  1.44it/s]
Indexing:  31%|███       | 980/3200 [10:26<25:21,  1.46it/s]
Indexing:  31%|███       | 981/3200 [10:27<25:21,  1.46it/s]
Indexing:  31%|███       | 982/3200 [10:27<25:34,  1.45it/s]
Indexing:  31%|███       | 983/3200 [10:28<25:30,  1.45it/s]
Indexing:  31%|███       | 984/3200 [10:29<25:21,  1.46it/s]
Indexing:  31%|███       | 985/3200 [10:29<25:11,  1.47it/s]
Indexing:  31%|███       | 986/3200 [10:30<25:11,  1.46it/s]
Indexing:  31%|███       | 987/3200 [10:31<25:08,  1.47it/s]
Indexing:  31%|███       | 988/3200 [10:31<25:01,  1.47it/s]
Indexing:  31%|███       | 989/3200 [10:32<25:07,  1.47it/s]
Indexing:  31%|███       | 990/3200 [10:33<24:51,  1.48it/s]
Indexing:  31%|███       | 991/3200 [10:33<24:56,  1.48it/s]
Indexing:  31%|███       | 992/3200 [10:34<25:19,  1.45it/s]
Indexing:  31%|███       | 993/3200 [10:35<25:24,  1.45it/s]
Indexing:  31%|███       | 994/3200 [10:36<25:25,  1.45it/s]
Indexing:  31%|███       | 995/3200 [10:36<25:13,  1.46it/s]
Indexing:  31%|███       | 996/3200 [10:37<25:21,  1.45it/s]
Indexing:  31%|███       | 997/3200 [10:38<25:09,  1.46it/s]
Indexing:  31%|███       | 998/3200 [10:38<25:22,  1.45it/s]
Indexing:  31%|███       | 999/3200 [10:39<25:12,  1.45it/s]
Indexing:  31%|███▏      | 1000/3200 [10:40<24:48,  1.48it/s]
Indexing:  31%|███▏      | 1001/3200 [10:40<25:08,  1.46it/s]
Indexing:  31%|███▏      | 1002/3200 [10:41<25:11,  1.45it/s]
Indexing:  31%|███▏      | 1003/3200 [10:42<24:53,  1.47it/s]
Indexing:  31%|███▏      | 1004/3200 [10:42<25:07,  1.46it/s]
Indexing:  31%|███▏      | 1005/3200 [10:43<24:52,  1.47it/s]
Indexing:  31%|███▏      | 1006/3200 [10:44<24:54,  1.47it/s]
Indexing:  31%|███▏      | 1007/3200 [10:44<24:59,  1.46it/s]
Indexing:  32%|███▏      | 1008/3200 [10:45<25:20,  1.44it/s]
Indexing:  32%|███▏      | 1009/3200 [10:46<25:06,  1.45it/s]
Indexing:  32%|███▏      | 1010/3200 [10:47<25:19,  1.44it/s]
Indexing:  32%|███▏      | 1011/3200 [10:47<25:11,  1.45it/s]
Indexing:  32%|███▏      | 1012/3200 [10:48<25:03,  1.46it/s]
Indexing:  32%|███▏      | 1013/3200 [10:49<25:35,  1.42it/s]
Indexing:  32%|███▏      | 1014/3200 [10:49<25:13,  1.44it/s]
Indexing:  32%|███▏      | 1015/3200 [10:50<25:27,  1.43it/s]
Indexing:  32%|███▏      | 1016/3200 [10:51<24:58,  1.46it/s]
Indexing:  32%|███▏      | 1017/3200 [10:51<24:49,  1.47it/s]
Indexing:  32%|███▏      | 1018/3200 [10:52<24:53,  1.46it/s]
Indexing:  32%|███▏      | 1019/3200 [10:53<24:57,  1.46it/s]
Indexing:  32%|███▏      | 1020/3200 [10:53<24:52,  1.46it/s]
Indexing:  32%|███▏      | 1021/3200 [10:54<24:50,  1.46it/s]
Indexing:  32%|███▏      | 1022/3200 [10:55<25:16,  1.44it/s]
Indexing:  32%|███▏      | 1023/3200 [10:56<25:14,  1.44it/s]
Indexing:  32%|███▏      | 1024/3200 [10:56<24:51,  1.46it/s]
Indexing:  32%|███▏      | 1025/3200 [10:57<24:53,  1.46it/s]
Indexing:  32%|███▏      | 1026/3200 [10:58<24:39,  1.47it/s]
Indexing:  32%|███▏      | 1027/3200 [10:58<25:57,  1.40it/s]
Indexing:  32%|███▏      | 1028/3200 [10:59<25:13,  1.44it/s]
Indexing:  32%|███▏      | 1029/3200 [11:00<25:09,  1.44it/s]
Indexing:  32%|███▏      | 1030/3200 [11:00<25:01,  1.45it/s]
Indexing:  32%|███▏      | 1031/3200 [11:01<24:43,  1.46it/s]
Indexing:  32%|███▏      | 1032/3200 [11:02<24:48,  1.46it/s]
Indexing:  32%|███▏      | 1033/3200 [11:02<24:33,  1.47it/s]
Indexing:  32%|███▏      | 1034/3200 [11:03<24:30,  1.47it/s]
Indexing:  32%|███▏      | 1035/3200 [11:04<24:31,  1.47it/s]
Indexing:  32%|███▏      | 1036/3200 [11:04<24:35,  1.47it/s]
Indexing:  32%|███▏      | 1037/3200 [11:05<25:06,  1.44it/s]
Indexing:  32%|███▏      | 1038/3200 [11:06<24:56,  1.44it/s]
Indexing:  32%|███▏      | 1039/3200 [11:07<24:50,  1.45it/s]
Indexing:  32%|███▎      | 1040/3200 [11:07<24:51,  1.45it/s]
Indexing:  33%|███▎      | 1041/3200 [11:08<24:34,  1.46it/s]
Indexing:  33%|███▎      | 1042/3200 [11:09<24:59,  1.44it/s]
Indexing:  33%|███▎      | 1043/3200 [11:09<24:07,  1.49it/s]
Indexing:  33%|███▎      | 1044/3200 [11:10<24:26,  1.47it/s]
Indexing:  33%|███▎      | 1045/3200 [11:11<24:27,  1.47it/s]
Indexing:  33%|███▎      | 1046/3200 [11:11<24:10,  1.49it/s]
Indexing:  33%|███▎      | 1047/3200 [11:12<24:00,  1.49it/s]
Indexing:  33%|███▎      | 1048/3200 [11:13<24:16,  1.48it/s]
Indexing:  33%|███▎      | 1049/3200 [11:13<24:10,  1.48it/s]
Indexing:  33%|███▎      | 1050/3200 [11:14<23:56,  1.50it/s]
Indexing:  33%|███▎      | 1051/3200 [11:15<24:02,  1.49it/s]
Indexing:  33%|███▎      | 1052/3200 [11:15<24:02,  1.49it/s]
Indexing:  33%|███▎      | 1053/3200 [11:16<24:10,  1.48it/s]
Indexing:  33%|███▎      | 1054/3200 [11:17<24:11,  1.48it/s]
Indexing:  33%|███▎      | 1055/3200 [11:17<24:13,  1.48it/s]
Indexing:  33%|███▎      | 1056/3200 [11:18<24:10,  1.48it/s]
Indexing:  33%|███▎      | 1057/3200 [11:19<24:11,  1.48it/s]
Indexing:  33%|███▎      | 1058/3200 [11:19<24:12,  1.47it/s]
Indexing:  33%|███▎      | 1059/3200 [11:20<24:06,  1.48it/s]
Indexing:  33%|███▎      | 1060/3200 [11:21<24:19,  1.47it/s]
Indexing:  33%|███▎      | 1061/3200 [11:21<24:24,  1.46it/s]
Indexing:  33%|███▎      | 1062/3200 [11:22<24:21,  1.46it/s]
Indexing:  33%|███▎      | 1063/3200 [11:23<24:14,  1.47it/s]
Indexing:  33%|███▎      | 1064/3200 [11:23<24:20,  1.46it/s]
Indexing:  33%|███▎      | 1065/3200 [11:24<24:09,  1.47it/s]
Indexing:  33%|███▎      | 1066/3200 [11:25<24:23,  1.46it/s]
Indexing:  33%|███▎      | 1067/3200 [11:26<24:26,  1.45it/s]
Indexing:  33%|███▎      | 1068/3200 [11:26<24:31,  1.45it/s]
Indexing:  33%|███▎      | 1069/3200 [11:27<24:30,  1.45it/s]
Indexing:  33%|███▎      | 1070/3200 [11:28<24:07,  1.47it/s]
Indexing:  33%|███▎      | 1071/3200 [11:28<24:38,  1.44it/s]
Indexing:  34%|███▎      | 1072/3200 [11:29<24:29,  1.45it/s]
Indexing:  34%|███▎      | 1073/3200 [11:30<24:13,  1.46it/s]
Indexing:  34%|███▎      | 1074/3200 [11:30<25:09,  1.41it/s]
Indexing:  34%|███▎      | 1075/3200 [11:31<24:41,  1.43it/s]
Indexing:  34%|███▎      | 1076/3200 [11:32<24:39,  1.44it/s]
Indexing:  34%|███▎      | 1077/3200 [11:32<24:33,  1.44it/s]
Indexing:  34%|███▎      | 1078/3200 [11:33<24:23,  1.45it/s]
Indexing:  34%|███▎      | 1079/3200 [11:34<23:58,  1.47it/s]
Indexing:  34%|███▍      | 1080/3200 [11:34<23:55,  1.48it/s]
Indexing:  34%|███▍      | 1081/3200 [11:35<23:52,  1.48it/s]
Indexing:  34%|███▍      | 1082/3200 [11:36<23:43,  1.49it/s]
Indexing:  34%|███▍      | 1083/3200 [11:37<23:59,  1.47it/s]
Indexing:  34%|███▍      | 1084/3200 [11:37<23:57,  1.47it/s]
Indexing:  34%|███▍      | 1085/3200 [11:38<23:53,  1.48it/s]
Indexing:  34%|███▍      | 1086/3200 [11:39<24:13,  1.45it/s]
Indexing:  34%|███▍      | 1087/3200 [11:39<24:33,  1.43it/s]
Indexing:  34%|███▍      | 1088/3200 [11:40<24:26,  1.44it/s]
Indexing:  34%|███▍      | 1089/3200 [11:41<25:04,  1.40it/s]
Indexing:  34%|███▍      | 1090/3200 [11:41<25:00,  1.41it/s]
Indexing:  34%|███▍      | 1091/3200 [11:42<24:40,  1.42it/s]
Indexing:  34%|███▍      | 1092/3200 [11:43<24:39,  1.42it/s]
Indexing:  34%|███▍      | 1093/3200 [11:44<27:31,  1.28it/s]
Indexing:  34%|███▍      | 1094/3200 [11:45<26:29,  1.33it/s]
Indexing:  34%|███▍      | 1095/3200 [11:45<25:49,  1.36it/s]
Indexing:  34%|███▍      | 1096/3200 [11:46<25:41,  1.36it/s]
Indexing:  34%|███▍      | 1097/3200 [11:47<24:41,  1.42it/s]
Indexing:  34%|███▍      | 1098/3200 [11:47<24:32,  1.43it/s]
Indexing:  34%|███▍      | 1099/3200 [11:48<24:18,  1.44it/s]
Indexing:  34%|███▍      | 1100/3200 [11:49<23:49,  1.47it/s]
Indexing:  34%|███▍      | 1101/3200 [11:49<23:55,  1.46it/s]
Indexing:  34%|███▍      | 1102/3200 [11:50<23:58,  1.46it/s]
Indexing:  34%|███▍      | 1103/3200 [11:51<23:59,  1.46it/s]
Indexing:  34%|███▍      | 1104/3200 [11:51<24:05,  1.45it/s]
Indexing:  35%|███▍      | 1105/3200 [11:52<23:52,  1.46it/s]
Indexing:  35%|███▍      | 1106/3200 [11:53<23:50,  1.46it/s]
Indexing:  35%|███▍      | 1107/3200 [11:53<24:00,  1.45it/s]
Indexing:  35%|███▍      | 1108/3200 [11:54<23:58,  1.45it/s]
Indexing:  35%|███▍      | 1109/3200 [11:55<23:55,  1.46it/s]
Indexing:  35%|███▍      | 1110/3200 [11:55<24:12,  1.44it/s]
Indexing:  35%|███▍      | 1111/3200 [11:56<24:08,  1.44it/s]
Indexing:  35%|███▍      | 1112/3200 [11:57<24:01,  1.45it/s]
Indexing:  35%|███▍      | 1113/3200 [11:58<24:18,  1.43it/s]
Indexing:  35%|███▍      | 1114/3200 [11:58<24:00,  1.45it/s]
Indexing:  35%|███▍      | 1115/3200 [11:59<23:37,  1.47it/s]
Indexing:  35%|███▍      | 1116/3200 [12:00<23:26,  1.48it/s]
Indexing:  35%|███▍      | 1117/3200 [12:00<23:38,  1.47it/s]
Indexing:  35%|███▍      | 1118/3200 [12:01<23:39,  1.47it/s]
Indexing:  35%|███▍      | 1119/3200 [12:02<23:49,  1.46it/s]
Indexing:  35%|███▌      | 1120/3200 [12:02<23:52,  1.45it/s]
Indexing:  35%|███▌      | 1121/3200 [12:03<23:39,  1.46it/s]
Indexing:  35%|███▌      | 1122/3200 [12:04<23:41,  1.46it/s]
Indexing:  35%|███▌      | 1123/3200 [12:04<23:37,  1.46it/s]
Indexing:  35%|███▌      | 1124/3200 [12:05<23:46,  1.46it/s]
Indexing:  35%|███▌      | 1125/3200 [12:06<24:10,  1.43it/s]
Indexing:  35%|███▌      | 1126/3200 [12:06<23:54,  1.45it/s]
Indexing:  35%|███▌      | 1127/3200 [12:07<23:52,  1.45it/s]
Indexing:  35%|███▌      | 1128/3200 [12:08<23:49,  1.45it/s]
Indexing:  35%|███▌      | 1129/3200 [12:09<23:28,  1.47it/s]
Indexing:  35%|███▌      | 1130/3200 [12:09<23:47,  1.45it/s]
Indexing:  35%|███▌      | 1131/3200 [12:10<23:44,  1.45it/s]
Indexing:  35%|███▌      | 1132/3200 [12:11<23:39,  1.46it/s]
Indexing:  35%|███▌      | 1133/3200 [12:11<23:45,  1.45it/s]
Indexing:  35%|███▌      | 1134/3200 [12:12<23:24,  1.47it/s]
Indexing:  35%|███▌      | 1135/3200 [12:13<23:34,  1.46it/s]
Indexing:  36%|███▌      | 1136/3200 [12:13<23:46,  1.45it/s]
Indexing:  36%|███▌      | 1137/3200 [12:14<23:39,  1.45it/s]
Indexing:  36%|███▌      | 1138/3200 [12:15<23:38,  1.45it/s]
Indexing:  36%|███▌      | 1139/3200 [12:15<23:48,  1.44it/s]
Indexing:  36%|███▌      | 1140/3200 [12:16<23:50,  1.44it/s]
Indexing:  36%|███▌      | 1141/3200 [12:17<24:01,  1.43it/s]
Indexing:  36%|███▌      | 1142/3200 [12:18<24:17,  1.41it/s]
Indexing:  36%|███▌      | 1143/3200 [12:18<24:17,  1.41it/s]
Indexing:  36%|███▌      | 1144/3200 [12:19<24:19,  1.41it/s]
Indexing:  36%|███▌      | 1145/3200 [12:20<23:52,  1.43it/s]
Indexing:  36%|███▌      | 1146/3200 [12:20<24:02,  1.42it/s]
Indexing:  36%|███▌      | 1147/3200 [12:21<23:49,  1.44it/s]
Indexing:  36%|███▌      | 1148/3200 [12:22<23:40,  1.44it/s]
Indexing:  36%|███▌      | 1149/3200 [12:22<24:25,  1.40it/s]
Indexing:  36%|███▌      | 1150/3200 [12:23<24:00,  1.42it/s]
Indexing:  36%|███▌      | 1151/3200 [12:24<23:51,  1.43it/s]
Indexing:  36%|███▌      | 1152/3200 [12:25<23:32,  1.45it/s]
Indexing:  36%|███▌      | 1153/3200 [12:25<23:26,  1.46it/s]
Indexing:  36%|███▌      | 1154/3200 [12:26<23:24,  1.46it/s]
Indexing:  36%|███▌      | 1155/3200 [12:27<23:21,  1.46it/s]
Indexing:  36%|███▌      | 1156/3200 [12:27<23:27,  1.45it/s]
Indexing:  36%|███▌      | 1157/3200 [12:28<23:36,  1.44it/s]
Indexing:  36%|███▌      | 1158/3200 [12:29<23:34,  1.44it/s]
Indexing:  36%|███▌      | 1159/3200 [12:29<23:23,  1.45it/s]
Indexing:  36%|███▋      | 1160/3200 [12:30<23:35,  1.44it/s]
Indexing:  36%|███▋      | 1161/3200 [12:31<23:34,  1.44it/s]
Indexing:  36%|███▋      | 1162/3200 [12:31<23:28,  1.45it/s]
Indexing:  36%|███▋      | 1163/3200 [12:32<23:34,  1.44it/s]
Indexing:  36%|███▋      | 1164/3200 [12:33<23:36,  1.44it/s]
Indexing:  36%|███▋      | 1165/3200 [12:34<23:33,  1.44it/s]
Indexing:  36%|███▋      | 1166/3200 [12:34<23:29,  1.44it/s]
Indexing:  36%|███▋      | 1167/3200 [12:35<23:44,  1.43it/s]
Indexing:  36%|███▋      | 1168/3200 [12:36<23:26,  1.44it/s]
Indexing:  37%|███▋      | 1169/3200 [12:36<23:20,  1.45it/s]
Indexing:  37%|███▋      | 1170/3200 [12:37<23:22,  1.45it/s]
Indexing:  37%|███▋      | 1171/3200 [12:38<23:17,  1.45it/s]
Indexing:  37%|███▋      | 1172/3200 [12:38<23:18,  1.45it/s]
Indexing:  37%|███▋      | 1173/3200 [12:39<24:31,  1.38it/s]
Indexing:  37%|███▋      | 1174/3200 [12:40<24:09,  1.40it/s]
Indexing:  37%|███▋      | 1175/3200 [12:41<24:13,  1.39it/s]
Indexing:  37%|███▋      | 1176/3200 [12:41<24:19,  1.39it/s]
Indexing:  37%|███▋      | 1177/3200 [12:42<23:45,  1.42it/s]
Indexing:  37%|███▋      | 1178/3200 [12:43<23:57,  1.41it/s]
Indexing:  37%|███▋      | 1179/3200 [12:43<23:47,  1.42it/s]
Indexing:  37%|███▋      | 1180/3200 [12:44<24:19,  1.38it/s]
Indexing:  37%|███▋      | 1181/3200 [12:45<23:56,  1.41it/s]
Indexing:  37%|███▋      | 1182/3200 [12:46<24:22,  1.38it/s]
Indexing:  37%|███▋      | 1183/3200 [12:46<24:23,  1.38it/s]
Indexing:  37%|███▋      | 1184/3200 [12:47<24:17,  1.38it/s]
Indexing:  37%|███▋      | 1185/3200 [12:48<24:42,  1.36it/s]
Indexing:  37%|███▋      | 1186/3200 [12:48<24:19,  1.38it/s]
Indexing:  37%|███▋      | 1187/3200 [12:49<24:15,  1.38it/s]
Indexing:  37%|███▋      | 1188/3200 [12:50<24:29,  1.37it/s]
Indexing:  37%|███▋      | 1189/3200 [12:51<24:05,  1.39it/s]
Indexing:  37%|███▋      | 1190/3200 [12:51<24:05,  1.39it/s]
Indexing:  37%|███▋      | 1191/3200 [12:52<24:05,  1.39it/s]
Indexing:  37%|███▋      | 1192/3200 [12:53<23:33,  1.42it/s]
Indexing:  37%|███▋      | 1193/3200 [12:53<23:48,  1.40it/s]
Indexing:  37%|███▋      | 1194/3200 [12:54<23:49,  1.40it/s]
Indexing:  37%|███▋      | 1195/3200 [12:55<23:59,  1.39it/s]
Indexing:  37%|███▋      | 1196/3200 [12:56<24:03,  1.39it/s]
Indexing:  37%|███▋      | 1197/3200 [12:56<23:52,  1.40it/s]
Indexing:  37%|███▋      | 1198/3200 [12:57<24:02,  1.39it/s]
Indexing:  37%|███▋      | 1199/3200 [12:58<24:22,  1.37it/s]
Indexing:  38%|███▊      | 1200/3200 [12:59<23:40,  1.41it/s]
Indexing:  38%|███▊      | 1201/3200 [12:59<23:48,  1.40it/s]
Indexing:  38%|███▊      | 1202/3200 [13:00<24:01,  1.39it/s]
Indexing:  38%|███▊      | 1203/3200 [13:01<23:30,  1.42it/s]
Indexing:  38%|███▊      | 1204/3200 [13:01<23:33,  1.41it/s]
Indexing:  38%|███▊      | 1205/3200 [13:02<23:44,  1.40it/s]
Indexing:  38%|███▊      | 1206/3200 [13:03<23:31,  1.41it/s]
Indexing:  38%|███▊      | 1207/3200 [13:03<23:29,  1.41it/s]
Indexing:  38%|███▊      | 1208/3200 [13:04<23:47,  1.40it/s]
Indexing:  38%|███▊      | 1209/3200 [13:05<23:48,  1.39it/s]
Indexing:  38%|███▊      | 1210/3200 [13:06<23:52,  1.39it/s]
Indexing:  38%|███▊      | 1211/3200 [13:06<23:46,  1.39it/s]
Indexing:  38%|███▊      | 1212/3200 [13:07<24:02,  1.38it/s]
Indexing:  38%|███▊      | 1213/3200 [13:08<24:01,  1.38it/s]
Indexing:  38%|███▊      | 1214/3200 [13:09<23:51,  1.39it/s]
Indexing:  38%|███▊      | 1215/3200 [13:09<23:56,  1.38it/s]
Indexing:  38%|███▊      | 1216/3200 [13:10<23:48,  1.39it/s]
Indexing:  38%|███▊      | 1217/3200 [13:11<24:11,  1.37it/s]
Indexing:  38%|███▊      | 1218/3200 [13:11<24:00,  1.38it/s]
Indexing:  38%|███▊      | 1219/3200 [13:12<23:46,  1.39it/s]
Indexing:  38%|███▊      | 1220/3200 [13:13<24:41,  1.34it/s]
Indexing:  38%|███▊      | 1221/3200 [13:14<23:48,  1.39it/s]
Indexing:  38%|███▊      | 1222/3200 [13:14<23:56,  1.38it/s]
Indexing:  38%|███▊      | 1223/3200 [13:15<23:38,  1.39it/s]
Indexing:  38%|███▊      | 1224/3200 [13:16<27:45,  1.19it/s]
Indexing:  38%|███▊      | 1225/3200 [13:17<26:33,  1.24it/s]
Indexing:  38%|███▊      | 1226/3200 [13:18<26:12,  1.25it/s]
Indexing:  38%|███▊      | 1227/3200 [13:18<25:34,  1.29it/s]
Indexing:  38%|███▊      | 1228/3200 [13:19<25:26,  1.29it/s]
Indexing:  38%|███▊      | 1229/3200 [13:20<24:47,  1.32it/s]
Indexing:  38%|███▊      | 1230/3200 [13:21<24:32,  1.34it/s]
Indexing:  38%|███▊      | 1231/3200 [13:21<24:33,  1.34it/s]
Indexing:  38%|███▊      | 1232/3200 [13:22<24:14,  1.35it/s]
Indexing:  39%|███▊      | 1233/3200 [13:23<24:25,  1.34it/s]
Indexing:  39%|███▊      | 1234/3200 [13:24<24:08,  1.36it/s]
Indexing:  39%|███▊      | 1235/3200 [13:24<24:32,  1.33it/s]
Indexing:  39%|███▊      | 1236/3200 [13:25<24:24,  1.34it/s]
Indexing:  39%|███▊      | 1237/3200 [13:26<24:08,  1.35it/s]
Indexing:  39%|███▊      | 1238/3200 [13:27<26:14,  1.25it/s]
Indexing:  39%|███▊      | 1239/3200 [13:27<25:04,  1.30it/s]
Indexing:  39%|███▉      | 1240/3200 [13:28<24:57,  1.31it/s]
Indexing:  39%|███▉      | 1241/3200 [13:29<24:42,  1.32it/s]
Indexing:  39%|███▉      | 1242/3200 [13:30<24:16,  1.34it/s]
Indexing:  39%|███▉      | 1243/3200 [13:30<24:05,  1.35it/s]
Indexing:  39%|███▉      | 1244/3200 [13:31<24:14,  1.34it/s]
Indexing:  39%|███▉      | 1245/3200 [13:32<23:50,  1.37it/s]
Indexing:  39%|███▉      | 1246/3200 [13:33<23:39,  1.38it/s]
Indexing:  39%|███▉      | 1247/3200 [13:34<28:02,  1.16it/s]
Indexing:  39%|███▉      | 1248/3200 [13:34<26:13,  1.24it/s]
Indexing:  39%|███▉      | 1249/3200 [13:35<25:26,  1.28it/s]
Indexing:  39%|███▉      | 1250/3200 [13:36<24:41,  1.32it/s]
Indexing:  39%|███▉      | 1251/3200 [13:37<24:05,  1.35it/s]
Indexing:  39%|███▉      | 1252/3200 [13:37<23:49,  1.36it/s]
Indexing:  39%|███▉      | 1253/3200 [13:38<23:37,  1.37it/s]
Indexing:  39%|███▉      | 1254/3200 [13:39<23:43,  1.37it/s]
Indexing:  39%|███▉      | 1255/3200 [13:39<23:31,  1.38it/s]
Indexing:  39%|███▉      | 1256/3200 [13:40<23:36,  1.37it/s]
Indexing:  39%|███▉      | 1257/3200 [13:41<23:35,  1.37it/s]
Indexing:  39%|███▉      | 1258/3200 [13:42<23:27,  1.38it/s]
Indexing:  39%|███▉      | 1259/3200 [13:42<23:46,  1.36it/s]
Indexing:  39%|███▉      | 1260/3200 [13:43<23:28,  1.38it/s]
Indexing:  39%|███▉      | 1261/3200 [13:44<24:00,  1.35it/s]
Indexing:  39%|███▉      | 1262/3200 [13:45<23:41,  1.36it/s]
Indexing:  39%|███▉      | 1263/3200 [13:45<23:22,  1.38it/s]
Indexing:  40%|███▉      | 1264/3200 [13:46<23:46,  1.36it/s]
Indexing:  40%|███▉      | 1265/3200 [13:47<23:21,  1.38it/s]
Indexing:  40%|███▉      | 1266/3200 [13:47<23:21,  1.38it/s]
Indexing:  40%|███▉      | 1267/3200 [13:48<23:42,  1.36it/s]
Indexing:  40%|███▉      | 1268/3200 [13:49<23:16,  1.38it/s]
Indexing:  40%|███▉      | 1269/3200 [13:50<23:04,  1.39it/s]
Indexing:  40%|███▉      | 1270/3200 [13:50<23:03,  1.40it/s]
Indexing:  40%|███▉      | 1271/3200 [13:51<23:11,  1.39it/s]
Indexing:  40%|███▉      | 1272/3200 [13:52<23:02,  1.39it/s]
Indexing:  40%|███▉      | 1273/3200 [13:53<23:08,  1.39it/s]
Indexing:  40%|███▉      | 1274/3200 [13:53<23:12,  1.38it/s]
Indexing:  40%|███▉      | 1275/3200 [13:54<23:06,  1.39it/s]
Indexing:  40%|███▉      | 1276/3200 [13:55<23:21,  1.37it/s]
Indexing:  40%|███▉      | 1277/3200 [13:55<22:49,  1.40it/s]
Indexing:  40%|███▉      | 1278/3200 [13:56<23:10,  1.38it/s]
Indexing:  40%|███▉      | 1279/3200 [13:57<23:37,  1.36it/s]
Indexing:  40%|████      | 1280/3200 [13:58<23:11,  1.38it/s]
Indexing:  40%|████      | 1281/3200 [13:58<23:42,  1.35it/s]
Indexing:  40%|████      | 1282/3200 [13:59<23:38,  1.35it/s]
Indexing:  40%|████      | 1283/3200 [14:00<23:17,  1.37it/s]
Indexing:  40%|████      | 1284/3200 [14:01<23:04,  1.38it/s]
Indexing:  40%|████      | 1285/3200 [14:01<23:10,  1.38it/s]
Indexing:  40%|████      | 1286/3200 [14:02<23:06,  1.38it/s]
Indexing:  40%|████      | 1287/3200 [14:03<22:32,  1.41it/s]
Indexing:  40%|████      | 1288/3200 [14:03<23:05,  1.38it/s]
Indexing:  40%|████      | 1289/3200 [14:04<23:36,  1.35it/s]
Indexing:  40%|████      | 1290/3200 [14:05<22:49,  1.40it/s]Terminated

ERROR conda.cli.main_run:execute(125): `conda run python -m src.indexer.build_index --max_images 3200` failed. (See above for error)
